[  8%] Built target dense_stereo_node
[ 16%] Built target stereo_undistort_node
[ 24%] Built target image_undistort_node
[ 32%] Built target depth_node
[ 40%] Built target point_to_bearing_node
[ 40%] Built target actionlib_msgs_generate_messages_py
[ 40%] Built target tf2_msgs_generate_messages_nodejs
[ 48%] Built target stereo_info_node
[ 48%] Built target nodelet_generate_messages_nodejs
[ 48%] Built target tf2_msgs_generate_messages_eus
[ 48%] Built target tf2_msgs_generate_messages_cpp
[ 48%] Built target pcl_msgs_generate_messages_nodejs
[ 48%] Built target geometry_msgs_generate_messages_lisp
[ 48%] Built target nodelet_generate_messages_eus
[ 48%] Built target tf2_msgs_generate_messages_lisp
[ 48%] Built target dynamic_reconfigure_gencfg
[ 48%] Built target geometry_msgs_generate_messages_py
[ 48%] Built target dynamic_reconfigure_generate_messages_py
[ 48%] Built target dynamic_reconfigure_generate_messages_lisp
[ 48%] Built target pcl_msgs_generate_messages_cpp
[ 48%] Built target rosgraph_msgs_generate_messages_cpp
[ 48%] Built target topic_tools_generate_messages_cpp
[ 48%] Built target pcl_ros_gencfg
[ 48%] Built target topic_tools_generate_messages_nodejs
[ 48%] Built target tf2_msgs_generate_messages_py
[ 48%] Built target actionlib_generate_messages_py
[ 48%] Built target dynamic_reconfigure_generate_messages_eus
[ 48%] Built target std_msgs_generate_messages_nodejs
[ 48%] Built target bond_generate_messages_lisp
[ 48%] Built target nodelet_generate_messages_lisp
[ 48%] Built target sensor_msgs_generate_messages_lisp
[ 48%] Built target std_msgs_generate_messages_cpp
[ 48%] Built target nodelet_generate_messages_cpp
[ 48%] Built target bond_generate_messages_py
[ 48%] Built target std_srvs_generate_messages_nodejs
[ 48%] Built target geometry_msgs_generate_messages_cpp
[ 48%] Built target actionlib_generate_messages_lisp
[ 48%] Built target roscpp_generate_messages_cpp
[ 48%] Built target sensor_msgs_generate_messages_nodejs
[ 48%] Built target actionlib_generate_messages_cpp
[ 48%] Built target geometry_msgs_generate_messages_nodejs
[ 48%] Built target std_srvs_generate_messages_eus
[ 48%] Built target roscpp_generate_messages_lisp
[ 48%] Built target bond_generate_messages_eus
[ 48%] Built target std_msgs_generate_messages_lisp
[ 48%] Built target roscpp_generate_messages_nodejs
[ 48%] Built target geometry_msgs_generate_messages_eus
[ 48%] Built target std_msgs_generate_messages_py
[ 48%] Built target roscpp_generate_messages_py
[ 48%] Built target dynamic_reconfigure_generate_messages_nodejs
[ 48%] Built target rosgraph_msgs_generate_messages_eus
[ 48%] Built target rosgraph_msgs_generate_messages_lisp
[ 48%] Built target std_msgs_generate_messages_eus
[ 48%] Built target actionlib_msgs_generate_messages_eus
[ 48%] Built target roscpp_generate_messages_eus
[ 48%] Built target rosgraph_msgs_generate_messages_py
[ 48%] Built target rosgraph_msgs_generate_messages_nodejs
[ 48%] Built target bond_generate_messages_cpp
[ 48%] Built target bond_generate_messages_nodejs
[ 48%] Built target topic_tools_generate_messages_py
[ 48%] Built target actionlib_msgs_generate_messages_nodejs
[ 48%] Built target nodelet_topic_tools_gencfg
[ 48%] Built target std_srvs_generate_messages_lisp
[ 48%] Built target topic_tools_generate_messages_lisp
[ 48%] Built target pcl_msgs_generate_messages_eus
[ 48%] Built target topic_tools_generate_messages_eus
[ 48%] Built target sensor_msgs_generate_messages_cpp
[ 48%] Built target sensor_msgs_generate_messages_eus
[ 48%] Built target nodelet_generate_messages_py
[ 48%] Built target sensor_msgs_generate_messages_py
[ 48%] Built target dynamic_reconfigure_generate_messages_cpp
[ 48%] Built target tf_generate_messages_py
[ 48%] Built target std_srvs_generate_messages_cpp
[ 48%] Built target tf_generate_messages_eus
[ 48%] Built target actionlib_msgs_generate_messages_cpp
[ 48%] Built target std_srvs_generate_messages_py
[ 48%] Built target tf_generate_messages_lisp
[ 48%] Built target tf_generate_messages_nodejs
[ 48%] Built target pcl_msgs_generate_messages_py
[ 48%] Built target actionlib_generate_messages_eus
[ 48%] Built target pcl_msgs_generate_messages_lisp
[ 48%] Built target tf_generate_messages_cpp
[ 48%] Built target actionlib_generate_messages_nodejs
[ 48%] Built target actionlib_msgs_generate_messages_lisp
[100%] Built target image_undistort_nodelet
