[35m[1mScanning dependencies of target dense_stereo_node[0m
[  4%] [32mBuilding CXX object CMakeFiles/dense_stereo_node.dir/src/nodes/dense_stereo_node.cpp.o[0m
[  8%] [32m[1mLinking CXX executable /home/airbud/catkin_ws/devel/.private/image_undistort/lib/image_undistort/dense_stereo_node[0m
[  8%] Built target dense_stereo_node
[35m[1mScanning dependencies of target stereo_undistort_node[0m
[ 12%] [32mBuilding CXX object CMakeFiles/stereo_undistort_node.dir/src/nodes/stereo_undistort_node.cpp.o[0m
[35m[1mScanning dependencies of target image_undistort_node[0m
[ 16%] [32mBuilding CXX object CMakeFiles/image_undistort_node.dir/src/nodes/image_undistort_node.cpp.o[0m
[ 20%] [32m[1mLinking CXX executable /home/airbud/catkin_ws/devel/.private/image_undistort/lib/image_undistort/stereo_undistort_node[0m
[ 20%] Built target stereo_undistort_node
[35m[1mScanning dependencies of target depth_node[0m
[ 24%] [32mBuilding CXX object CMakeFiles/depth_node.dir/src/nodes/depth_node.cpp.o[0m
[ 28%] [32m[1mLinking CXX executable /home/airbud/catkin_ws/devel/.private/image_undistort/lib/image_undistort/image_undistort_node[0m
[ 28%] Built target image_undistort_node
[35m[1mScanning dependencies of target point_to_bearing_node[0m
[ 32%] [32mBuilding CXX object CMakeFiles/point_to_bearing_node.dir/src/nodes/point_to_bearing_node.cpp.o[0m
[ 36%] [32m[1mLinking CXX executable /home/airbud/catkin_ws/devel/.private/image_undistort/lib/image_undistort/depth_node[0m
[ 36%] Built target depth_node
[35m[1mScanning dependencies of target stereo_info_node[0m
[ 40%] [32mBuilding CXX object CMakeFiles/stereo_info_node.dir/src/nodes/stereo_info_node.cpp.o[0m
[ 44%] [32m[1mLinking CXX executable /home/airbud/catkin_ws/devel/.private/image_undistort/lib/image_undistort/point_to_bearing_node[0m
[ 44%] Built target point_to_bearing_node
[35m[1mScanning dependencies of target actionlib_msgs_generate_messages_py[0m
[ 44%] Built target actionlib_msgs_generate_messages_py
[35m[1mScanning dependencies of target tf2_msgs_generate_messages_nodejs[0m
[ 44%] Built target tf2_msgs_generate_messages_nodejs
[35m[1mScanning dependencies of target tf2_msgs_generate_messages_eus[0m
[ 44%] Built target tf2_msgs_generate_messages_eus
[35m[1mScanning dependencies of target tf2_msgs_generate_messages_cpp[0m
[ 44%] Built target tf2_msgs_generate_messages_cpp
[35m[1mScanning dependencies of target nodelet_generate_messages_nodejs[0m
[ 44%] Built target nodelet_generate_messages_nodejs
[35m[1mScanning dependencies of target pcl_msgs_generate_messages_nodejs[0m
[ 44%] Built target pcl_msgs_generate_messages_nodejs
[35m[1mScanning dependencies of target nodelet_generate_messages_eus[0m
[ 44%] Built target nodelet_generate_messages_eus
[35m[1mScanning dependencies of target geometry_msgs_generate_messages_lisp[0m
[ 44%] Built target geometry_msgs_generate_messages_lisp
[35m[1mScanning dependencies of target tf2_msgs_generate_messages_lisp[0m
[ 44%] Built target tf2_msgs_generate_messages_lisp
[35m[1mScanning dependencies of target dynamic_reconfigure_gencfg[0m
[ 44%] Built target dynamic_reconfigure_gencfg
[35m[1mScanning dependencies of target geometry_msgs_generate_messages_py[0m
[ 44%] Built target geometry_msgs_generate_messages_py
[35m[1mScanning dependencies of target dynamic_reconfigure_generate_messages_py[0m
[ 44%] Built target dynamic_reconfigure_generate_messages_py
[35m[1mScanning dependencies of target dynamic_reconfigure_generate_messages_lisp[0m
[ 44%] Built target dynamic_reconfigure_generate_messages_lisp
[35m[1mScanning dependencies of target pcl_msgs_generate_messages_cpp[0m
[ 44%] Built target pcl_msgs_generate_messages_cpp
[35m[1mScanning dependencies of target rosgraph_msgs_generate_messages_cpp[0m
[ 44%] Built target rosgraph_msgs_generate_messages_cpp
[35m[1mScanning dependencies of target topic_tools_generate_messages_cpp[0m
[ 44%] Built target topic_tools_generate_messages_cpp
[35m[1mScanning dependencies of target pcl_ros_gencfg[0m
[ 44%] Built target pcl_ros_gencfg
[35m[1mScanning dependencies of target topic_tools_generate_messages_nodejs[0m
[ 44%] Built target topic_tools_generate_messages_nodejs
[35m[1mScanning dependencies of target tf2_msgs_generate_messages_py[0m
[ 44%] Built target tf2_msgs_generate_messages_py
[35m[1mScanning dependencies of target actionlib_generate_messages_py[0m
[ 44%] Built target actionlib_generate_messages_py
[35m[1mScanning dependencies of target dynamic_reconfigure_generate_messages_eus[0m
[ 44%] Built target dynamic_reconfigure_generate_messages_eus
[35m[1mScanning dependencies of target std_msgs_generate_messages_nodejs[0m
[ 44%] Built target std_msgs_generate_messages_nodejs
[35m[1mScanning dependencies of target bond_generate_messages_lisp[0m
[ 44%] Built target bond_generate_messages_lisp
[35m[1mScanning dependencies of target nodelet_generate_messages_lisp[0m
[ 44%] Built target nodelet_generate_messages_lisp
[35m[1mScanning dependencies of target sensor_msgs_generate_messages_lisp[0m
[ 44%] Built target sensor_msgs_generate_messages_lisp
[35m[1mScanning dependencies of target std_msgs_generate_messages_cpp[0m
[ 44%] Built target std_msgs_generate_messages_cpp
[35m[1mScanning dependencies of target nodelet_generate_messages_cpp[0m
[ 44%] Built target nodelet_generate_messages_cpp
[35m[1mScanning dependencies of target bond_generate_messages_py[0m
[ 44%] Built target bond_generate_messages_py
[35m[1mScanning dependencies of target std_srvs_generate_messages_nodejs[0m
[ 44%] Built target std_srvs_generate_messages_nodejs
[35m[1mScanning dependencies of target geometry_msgs_generate_messages_cpp[0m
[ 44%] Built target geometry_msgs_generate_messages_cpp
[35m[1mScanning dependencies of target actionlib_generate_messages_lisp[0m
[ 44%] Built target actionlib_generate_messages_lisp
[35m[1mScanning dependencies of target roscpp_generate_messages_cpp[0m
[ 44%] Built target roscpp_generate_messages_cpp
[35m[1mScanning dependencies of target sensor_msgs_generate_messages_nodejs[0m
[ 44%] Built target sensor_msgs_generate_messages_nodejs
[35m[1mScanning dependencies of target actionlib_generate_messages_cpp[0m
[ 44%] Built target actionlib_generate_messages_cpp
[35m[1mScanning dependencies of target geometry_msgs_generate_messages_nodejs[0m
[ 44%] Built target geometry_msgs_generate_messages_nodejs
[35m[1mScanning dependencies of target std_srvs_generate_messages_eus[0m
[ 44%] Built target std_srvs_generate_messages_eus
[35m[1mScanning dependencies of target roscpp_generate_messages_lisp[0m
[ 44%] Built target roscpp_generate_messages_lisp
[35m[1mScanning dependencies of target bond_generate_messages_eus[0m
[ 44%] Built target bond_generate_messages_eus
[35m[1mScanning dependencies of target std_msgs_generate_messages_lisp[0m
[ 44%] Built target std_msgs_generate_messages_lisp
[35m[1mScanning dependencies of target roscpp_generate_messages_nodejs[0m
[ 44%] Built target roscpp_generate_messages_nodejs
[35m[1mScanning dependencies of target geometry_msgs_generate_messages_eus[0m
[ 44%] Built target geometry_msgs_generate_messages_eus
[35m[1mScanning dependencies of target std_msgs_generate_messages_py[0m
[ 44%] Built target std_msgs_generate_messages_py
[35m[1mScanning dependencies of target roscpp_generate_messages_py[0m
[ 44%] Built target roscpp_generate_messages_py
[35m[1mScanning dependencies of target dynamic_reconfigure_generate_messages_nodejs[0m
[ 44%] Built target dynamic_reconfigure_generate_messages_nodejs
[35m[1mScanning dependencies of target rosgraph_msgs_generate_messages_eus[0m
[ 44%] Built target rosgraph_msgs_generate_messages_eus
[35m[1mScanning dependencies of target rosgraph_msgs_generate_messages_lisp[0m
[ 44%] Built target rosgraph_msgs_generate_messages_lisp
[35m[1mScanning dependencies of target std_msgs_generate_messages_eus[0m
[ 44%] Built target std_msgs_generate_messages_eus
[35m[1mScanning dependencies of target actionlib_msgs_generate_messages_eus[0m
[ 44%] Built target actionlib_msgs_generate_messages_eus
[35m[1mScanning dependencies of target roscpp_generate_messages_eus[0m
[ 44%] Built target roscpp_generate_messages_eus
[35m[1mScanning dependencies of target rosgraph_msgs_generate_messages_py[0m
[ 44%] Built target rosgraph_msgs_generate_messages_py
[35m[1mScanning dependencies of target rosgraph_msgs_generate_messages_nodejs[0m
[ 44%] Built target rosgraph_msgs_generate_messages_nodejs
[35m[1mScanning dependencies of target bond_generate_messages_cpp[0m
[ 44%] Built target bond_generate_messages_cpp
[35m[1mScanning dependencies of target bond_generate_messages_nodejs[0m
[ 44%] Built target bond_generate_messages_nodejs
[35m[1mScanning dependencies of target topic_tools_generate_messages_py[0m
[ 44%] Built target topic_tools_generate_messages_py
[ 48%] [32m[1mLinking CXX executable /home/airbud/catkin_ws/devel/.private/image_undistort/lib/image_undistort/stereo_info_node[0m
[35m[1mScanning dependencies of target actionlib_msgs_generate_messages_nodejs[0m
[ 48%] Built target actionlib_msgs_generate_messages_nodejs
[35m[1mScanning dependencies of target nodelet_topic_tools_gencfg[0m
[ 48%] Built target nodelet_topic_tools_gencfg
[35m[1mScanning dependencies of target std_srvs_generate_messages_lisp[0m
[ 48%] Built target std_srvs_generate_messages_lisp
[35m[1mScanning dependencies of target topic_tools_generate_messages_lisp[0m
[ 48%] Built target topic_tools_generate_messages_lisp
[35m[1mScanning dependencies of target pcl_msgs_generate_messages_eus[0m
[ 48%] Built target pcl_msgs_generate_messages_eus
[35m[1mScanning dependencies of target topic_tools_generate_messages_eus[0m
[ 48%] Built target topic_tools_generate_messages_eus
[35m[1mScanning dependencies of target sensor_msgs_generate_messages_cpp[0m
[ 48%] Built target sensor_msgs_generate_messages_cpp
[35m[1mScanning dependencies of target sensor_msgs_generate_messages_eus[0m
[ 48%] Built target sensor_msgs_generate_messages_eus
[35m[1mScanning dependencies of target nodelet_generate_messages_py[0m
[ 48%] Built target nodelet_generate_messages_py
[35m[1mScanning dependencies of target sensor_msgs_generate_messages_py[0m
[ 48%] Built target sensor_msgs_generate_messages_py
[35m[1mScanning dependencies of target dynamic_reconfigure_generate_messages_cpp[0m
[ 48%] Built target dynamic_reconfigure_generate_messages_cpp
[35m[1mScanning dependencies of target tf_generate_messages_py[0m
[ 48%] Built target tf_generate_messages_py
[35m[1mScanning dependencies of target std_srvs_generate_messages_cpp[0m
[ 48%] Built target std_srvs_generate_messages_cpp
[35m[1mScanning dependencies of target tf_generate_messages_eus[0m
[ 48%] Built target tf_generate_messages_eus
[35m[1mScanning dependencies of target actionlib_msgs_generate_messages_cpp[0m
[ 48%] Built target actionlib_msgs_generate_messages_cpp
[35m[1mScanning dependencies of target std_srvs_generate_messages_py[0m
[ 48%] Built target std_srvs_generate_messages_py
[35m[1mScanning dependencies of target tf_generate_messages_lisp[0m
[ 48%] Built target tf_generate_messages_lisp
[35m[1mScanning dependencies of target tf_generate_messages_nodejs[0m
[ 48%] Built target tf_generate_messages_nodejs
[35m[1mScanning dependencies of target pcl_msgs_generate_messages_py[0m
[ 48%] Built target pcl_msgs_generate_messages_py
[35m[1mScanning dependencies of target actionlib_generate_messages_eus[0m
[ 48%] Built target actionlib_generate_messages_eus
[35m[1mScanning dependencies of target pcl_msgs_generate_messages_lisp[0m
[ 48%] Built target pcl_msgs_generate_messages_lisp
[35m[1mScanning dependencies of target tf_generate_messages_cpp[0m
[ 48%] Built target tf_generate_messages_cpp
[35m[1mScanning dependencies of target actionlib_generate_messages_nodejs[0m
[ 48%] Built target stereo_info_node
[ 48%] Built target actionlib_generate_messages_nodejs
[35m[1mScanning dependencies of target actionlib_msgs_generate_messages_lisp[0m
[ 48%] Built target actionlib_msgs_generate_messages_lisp
[35m[1mScanning dependencies of target image_undistort_nodelet[0m
[ 52%] [32mBuilding CXX object CMakeFiles/image_undistort_nodelet.dir/src/nodelets/image_undistort_nodelet.cpp.o[0m
[ 56%] [32mBuilding CXX object CMakeFiles/image_undistort_nodelet.dir/src/nodelets/stereo_info_nodelet.cpp.o[0m
[ 60%] [32mBuilding CXX object CMakeFiles/image_undistort_nodelet.dir/src/nodelets/stereo_undistort_nodelet.cpp.o[0m
[ 64%] [32mBuilding CXX object CMakeFiles/image_undistort_nodelet.dir/src/nodelets/depth_nodelet.cpp.o[0m
[ 68%] [32mBuilding CXX object CMakeFiles/image_undistort_nodelet.dir/src/nodelets/point_to_bearing_nodelet.cpp.o[0m
[ 72%] [32mBuilding CXX object CMakeFiles/image_undistort_nodelet.dir/src/stereo_info.cpp.o[0m
[ 76%] [32mBuilding CXX object CMakeFiles/image_undistort_nodelet.dir/src/stereo_undistort.cpp.o[0m
[ 80%] [32mBuilding CXX object CMakeFiles/image_undistort_nodelet.dir/src/depth.cpp.o[0m
[ 84%] [32mBuilding CXX object CMakeFiles/image_undistort_nodelet.dir/src/camera_parameters.cpp.o[0m
[ 88%] [32mBuilding CXX object CMakeFiles/image_undistort_nodelet.dir/src/image_undistort.cpp.o[0m
[ 92%] [32mBuilding CXX object CMakeFiles/image_undistort_nodelet.dir/src/undistorter.cpp.o[0m
[ 96%] [32mBuilding CXX object CMakeFiles/image_undistort_nodelet.dir/src/point_to_bearing.cpp.o[0m
[100%] [32m[1mLinking CXX shared library /home/airbud/catkin_ws/devel/.private/image_undistort/lib/libimage_undistort_nodelet.so[0m
[100%] Built target image_undistort_nodelet
