[  0%] Built target visualization_msgs_generate_messages_eus
[  0%] Built target nav_msgs_generate_messages_cpp
[  3%] Built target base_local_planner_gencfg
[  3%] Built target std_msgs_generate_messages_cpp
[  3%] Built target _base_local_planner_generate_messages_check_deps_Position2DInt
[  3%] Built target std_msgs_generate_messages_py
[  3%] Built target std_msgs_generate_messages_nodejs
[  3%] Built target std_msgs_generate_messages_lisp
[  3%] Built target std_msgs_generate_messages_eus
[  3%] Built target roscpp_generate_messages_lisp
[  3%] Built target tf_generate_messages_lisp
[  3%] Built target geometry_msgs_generate_messages_lisp
[  3%] Built target geometry_msgs_generate_messages_eus
[  3%] Built target roscpp_generate_messages_nodejs
[  3%] Built target sensor_msgs_generate_messages_py
[  3%] Built target tf_generate_messages_py
[  3%] Built target dynamic_reconfigure_generate_messages_cpp
[  3%] Built target rosgraph_msgs_generate_messages_cpp
[  3%] Built target map_msgs_generate_messages_lisp
[  3%] Built target visualization_msgs_generate_messages_lisp
[  3%] Built target visualization_msgs_generate_messages_nodejs
[  3%] Built target map_msgs_generate_messages_nodejs
[  3%] Built target actionlib_msgs_generate_messages_nodejs
[  3%] Built target nav_msgs_generate_messages_nodejs
[  3%] Built target costmap_2d_gencfg
[  3%] Built target costmap_2d_generate_messages_cpp
[  3%] Built target dynamic_reconfigure_generate_messages_nodejs
[  3%] Built target visualization_msgs_generate_messages_py
[  3%] Built target roscpp_generate_messages_cpp
[  3%] Built target sensor_msgs_generate_messages_nodejs
[  3%] Built target actionlib_generate_messages_cpp
[  3%] Built target geometry_msgs_generate_messages_nodejs
[  3%] Built target costmap_2d_generate_messages_lisp
[  3%] Built target tf_generate_messages_nodejs
[  3%] Built target costmap_2d_generate_messages_nodejs
[  3%] Built target costmap_2d_generate_messages_py
[  3%] Built target dynamic_reconfigure_generate_messages_eus
[  3%] Built target costmap_2d_generate_messages_eus
[  3%] Built target dynamic_reconfigure_generate_messages_lisp
[  3%] Built target map_msgs_generate_messages_eus
[  3%] Built target geometry_msgs_generate_messages_py
[  3%] Built target dynamic_reconfigure_generate_messages_py
[  3%] Built target roscpp_generate_messages_py
[  3%] Built target rosgraph_msgs_generate_messages_eus
[  3%] Built target rosgraph_msgs_generate_messages_lisp
[  3%] Built target rosgraph_msgs_generate_messages_nodejs
[  3%] Built target sensor_msgs_generate_messages_cpp
[  3%] Built target sensor_msgs_generate_messages_eus
[  3%] Built target _catkin_empty_exported_target
[  3%] Built target actionlib_generate_messages_eus
[  3%] Built target geometry_msgs_generate_messages_cpp
[  3%] Built target actionlib_generate_messages_lisp
[  3%] Built target map_msgs_generate_messages_py
[  3%] Built target tf_generate_messages_cpp
[  3%] Built target actionlib_generate_messages_nodejs
[  3%] Built target tf_generate_messages_eus
[  3%] Built target actionlib_msgs_generate_messages_cpp
[  3%] Built target roscpp_generate_messages_eus
[  3%] Built target rosgraph_msgs_generate_messages_py
[  3%] Built target actionlib_msgs_generate_messages_eus
[  3%] Built target actionlib_msgs_generate_messages_lisp
[  3%] Built target actionlib_msgs_generate_messages_py
[  3%] Built target tf2_msgs_generate_messages_cpp
[  3%] Built target map_msgs_generate_messages_cpp
[  3%] Built target actionlib_generate_messages_py
[  3%] Built target tf2_msgs_generate_messages_py
[  3%] Built target tf2_msgs_generate_messages_nodejs
[  3%] Built target sensor_msgs_generate_messages_lisp
[  3%] Built target nav_msgs_generate_messages_lisp
[  3%] Built target dynamic_reconfigure_gencfg
[  3%] Built target tf2_msgs_generate_messages_lisp
[  3%] Built target nav_msgs_generate_messages_py
[  3%] Built target tf2_msgs_generate_messages_eus
[  3%] Built target nav_msgs_generate_messages_eus
[  3%] Built target visualization_msgs_generate_messages_cpp
[  6%] Built target base_local_planner_generate_messages_cpp
[ 12%] Built target base_local_planner_generate_messages_py
[ 15%] Built target base_local_planner_generate_messages_nodejs
[ 18%] Built target base_local_planner_generate_messages_lisp
[ 24%] Built target base_local_planner_generate_messages_eus
[ 27%] [32mBuilding CXX object CMakeFiles/base_local_planner.dir/src/latched_stop_rotate_controller.cpp.o[0m
[ 27%] Built target base_local_planner_generate_messages
[ 30%] [32mBuilding CXX object CMakeFiles/base_local_planner.dir/src/local_planner_util.cpp.o[0m
[ 33%] [32mBuilding CXX object CMakeFiles/base_local_planner.dir/src/odometry_helper_ros.cpp.o[0m
[ 36%] [32mBuilding CXX object CMakeFiles/base_local_planner.dir/src/obstacle_cost_function.cpp.o[0m
[ 39%] [32mBuilding CXX object CMakeFiles/base_local_planner.dir/src/oscillation_cost_function.cpp.o[0m
[ 42%] [32mBuilding CXX object CMakeFiles/base_local_planner.dir/src/prefer_forward_cost_function.cpp.o[0m
[ 45%] [32mBuilding CXX object CMakeFiles/base_local_planner.dir/src/point_grid.cpp.o[0m
[ 48%] [32mBuilding CXX object CMakeFiles/base_local_planner.dir/src/costmap_model.cpp.o[0m
[ 51%] [32mBuilding CXX object CMakeFiles/base_local_planner.dir/src/simple_scored_sampling_planner.cpp.o[0m
[ 54%] [32mBuilding CXX object CMakeFiles/base_local_planner.dir/src/simple_trajectory_generator.cpp.o[0m
[ 57%] [32mBuilding CXX object CMakeFiles/base_local_planner.dir/src/trajectory.cpp.o[0m
[ 60%] [32mBuilding CXX object CMakeFiles/base_local_planner.dir/src/twirling_cost_function.cpp.o[0m
[ 63%] [32mBuilding CXX object CMakeFiles/base_local_planner.dir/src/voxel_grid_model.cpp.o[0m
[ 66%] [32m[1mLinking CXX shared library /home/airbud/catkin_ws/devel/.private/base_local_planner/lib/libbase_local_planner.so[0m
CMakeFiles/base_local_planner.dir/src/footprint_helper.cpp.o: file not recognized: File truncated
collect2: error: ld returned 1 exit status
CMakeFiles/base_local_planner.dir/build.make:607: recipe for target '/home/airbud/catkin_ws/devel/.private/base_local_planner/lib/libbase_local_planner.so' failed
make[2]: *** [/home/airbud/catkin_ws/devel/.private/base_local_planner/lib/libbase_local_planner.so] Error 1
CMakeFiles/Makefile2:446: recipe for target 'CMakeFiles/base_local_planner.dir/all' failed
make[1]: *** [CMakeFiles/base_local_planner.dir/all] Error 2
Makefile:140: recipe for target 'all' failed
make: *** [all] Error 2
