[  0%] Built target visualization_msgs_generate_messages_eus
[  0%] Built target nav_msgs_generate_messages_cpp
[  3%] Built target base_local_planner_gencfg
[  3%] Built target std_msgs_generate_messages_cpp
[  3%] Built target _base_local_planner_generate_messages_check_deps_Position2DInt
[  3%] Built target std_msgs_generate_messages_py
[  3%] Built target std_msgs_generate_messages_nodejs
[  3%] Built target std_msgs_generate_messages_lisp
[  3%] Built target std_msgs_generate_messages_eus
[  3%] Built target roscpp_generate_messages_lisp
[  3%] Built target tf_generate_messages_lisp
[  3%] Built target geometry_msgs_generate_messages_lisp
[  3%] Built target geometry_msgs_generate_messages_eus
[  3%] Built target roscpp_generate_messages_nodejs
[  3%] Built target sensor_msgs_generate_messages_py
[  3%] Built target tf_generate_messages_py
[  3%] Built target dynamic_reconfigure_generate_messages_cpp
[  3%] Built target rosgraph_msgs_generate_messages_cpp
[  3%] Built target map_msgs_generate_messages_lisp
[  3%] Built target visualization_msgs_generate_messages_lisp
[  3%] Built target visualization_msgs_generate_messages_nodejs
[  3%] Built target map_msgs_generate_messages_nodejs
[  3%] Built target actionlib_msgs_generate_messages_nodejs
[  3%] Built target nav_msgs_generate_messages_nodejs
[  3%] Built target costmap_2d_gencfg
[  3%] Built target costmap_2d_generate_messages_cpp
[  3%] Built target dynamic_reconfigure_generate_messages_nodejs
[  3%] Built target visualization_msgs_generate_messages_py
[  3%] Built target roscpp_generate_messages_cpp
[  3%] Built target sensor_msgs_generate_messages_nodejs
[  3%] Built target actionlib_generate_messages_cpp
[  3%] Built target geometry_msgs_generate_messages_nodejs
[  3%] Built target costmap_2d_generate_messages_lisp
[  3%] Built target tf_generate_messages_nodejs
[  3%] Built target costmap_2d_generate_messages_nodejs
[  3%] Built target costmap_2d_generate_messages_py
[  3%] Built target dynamic_reconfigure_generate_messages_eus
[  3%] Built target costmap_2d_generate_messages_eus
[  3%] Built target dynamic_reconfigure_generate_messages_lisp
[  3%] Built target map_msgs_generate_messages_eus
[  3%] Built target geometry_msgs_generate_messages_py
[  3%] Built target dynamic_reconfigure_generate_messages_py
[  3%] Built target roscpp_generate_messages_py
[  3%] Built target rosgraph_msgs_generate_messages_eus
[  3%] Built target rosgraph_msgs_generate_messages_lisp
[  3%] Built target rosgraph_msgs_generate_messages_nodejs
[  3%] Built target sensor_msgs_generate_messages_cpp
[  3%] Built target sensor_msgs_generate_messages_eus
[  3%] Built target _catkin_empty_exported_target
[  3%] Built target actionlib_generate_messages_eus
[  3%] Built target geometry_msgs_generate_messages_cpp
[  3%] Built target actionlib_generate_messages_lisp
[  3%] Built target map_msgs_generate_messages_py
[  3%] Built target tf_generate_messages_cpp
[  3%] Built target actionlib_generate_messages_nodejs
[  3%] Built target tf_generate_messages_eus
[  3%] Built target actionlib_msgs_generate_messages_cpp
[  3%] Built target roscpp_generate_messages_eus
[  3%] Built target rosgraph_msgs_generate_messages_py
[  3%] Built target actionlib_msgs_generate_messages_eus
[  3%] Built target actionlib_msgs_generate_messages_lisp
[  3%] Built target actionlib_msgs_generate_messages_py
[  3%] Built target tf2_msgs_generate_messages_cpp
[  3%] Built target map_msgs_generate_messages_cpp
[  3%] Built target actionlib_generate_messages_py
[  3%] Built target tf2_msgs_generate_messages_py
[  3%] Built target tf2_msgs_generate_messages_nodejs
[  3%] Built target sensor_msgs_generate_messages_lisp
[  3%] Built target nav_msgs_generate_messages_lisp
[  3%] Built target dynamic_reconfigure_gencfg
[  3%] Built target tf2_msgs_generate_messages_lisp
[  3%] Built target nav_msgs_generate_messages_py
[  3%] Built target tf2_msgs_generate_messages_eus
[  3%] Built target nav_msgs_generate_messages_eus
[  3%] Built target visualization_msgs_generate_messages_cpp
[  6%] Built target base_local_planner_generate_messages_cpp
[ 12%] Built target base_local_planner_generate_messages_py
[ 15%] Built target base_local_planner_generate_messages_nodejs
[ 18%] Built target base_local_planner_generate_messages_lisp
[ 24%] Built target base_local_planner_generate_messages_eus
[ 24%] Built target base_local_planner_generate_messages
[ 27%] [32m[1mLinking CXX shared library /home/airbud/catkin_ws/devel/.private/base_local_planner/lib/libbase_local_planner.so[0m
CMakeFiles/base_local_planner.dir/src/footprint_helper.cpp.o: file not recognized: File truncated
collect2: error: ld returned 1 exit status
CMakeFiles/base_local_planner.dir/build.make:607: recipe for target '/home/airbud/catkin_ws/devel/.private/base_local_planner/lib/libbase_local_planner.so' failed
make[2]: *** [/home/airbud/catkin_ws/devel/.private/base_local_planner/lib/libbase_local_planner.so] Error 1
CMakeFiles/Makefile2:446: recipe for target 'CMakeFiles/base_local_planner.dir/all' failed
make[1]: *** [CMakeFiles/base_local_planner.dir/all] Error 2
Makefile:140: recipe for target 'all' failed
make: *** [all] Error 2
