Determining if the pthread_create exist failed with the following output:
Change Dir: /home/airbud/catkin_ws/build/hector_map_tools/CMakeFiles/CMakeTmp

Run Build Command:"/usr/bin/make" "cmTC_d2a83/fast"
/usr/bin/make -f CMakeFiles/cmTC_d2a83.dir/build.make CMakeFiles/cmTC_d2a83.dir/build
make[1]: Entering directory '/home/airbud/catkin_ws/build/hector_map_tools/CMakeFiles/CMakeTmp'
Building C object CMakeFiles/cmTC_d2a83.dir/CheckSymbolExists.c.o
/usr/bin/cc    -o CMakeFiles/cmTC_d2a83.dir/CheckSymbolExists.c.o   -c /home/airbud/catkin_ws/build/hector_map_tools/CMakeFiles/CMakeTmp/CheckSymbolExists.c
Linking C executable cmTC_d2a83
/usr/bin/cmake -E cmake_link_script CMakeFiles/cmTC_d2a83.dir/link.txt --verbose=1
/usr/bin/cc      -rdynamic CMakeFiles/cmTC_d2a83.dir/CheckSymbolExists.c.o  -o cmTC_d2a83 
CMakeFiles/cmTC_d2a83.dir/CheckSymbolExists.c.o: In function `main':
CheckSymbolExists.c:(.text+0x14): undefined reference to `pthread_create'
CheckSymbolExists.c:(.text+0x18): undefined reference to `pthread_create'
collect2: error: ld returned 1 exit status
CMakeFiles/cmTC_d2a83.dir/build.make:97: recipe for target 'cmTC_d2a83' failed
make[1]: *** [cmTC_d2a83] Error 1
make[1]: Leaving directory '/home/airbud/catkin_ws/build/hector_map_tools/CMakeFiles/CMakeTmp'
Makefile:126: recipe for target 'cmTC_d2a83/fast' failed
make: *** [cmTC_d2a83/fast] Error 2

File /home/airbud/catkin_ws/build/hector_map_tools/CMakeFiles/CMakeTmp/CheckSymbolExists.c:
/* */
#include <pthread.h>

int main(int argc, char** argv)
{
  (void)argv;
#ifndef pthread_create
  return ((int*)(&pthread_create))[argc];
#else
  (void)argc;
  return 0;
#endif
}

Determining if the function pthread_create exists in the pthreads failed with the following output:
Change Dir: /home/airbud/catkin_ws/build/hector_map_tools/CMakeFiles/CMakeTmp

Run Build Command:"/usr/bin/make" "cmTC_c2034/fast"
/usr/bin/make -f CMakeFiles/cmTC_c2034.dir/build.make CMakeFiles/cmTC_c2034.dir/build
make[1]: Entering directory '/home/airbud/catkin_ws/build/hector_map_tools/CMakeFiles/CMakeTmp'
Building C object CMakeFiles/cmTC_c2034.dir/CheckFunctionExists.c.o
/usr/bin/cc   -DCHECK_FUNCTION_EXISTS=pthread_create   -o CMakeFiles/cmTC_c2034.dir/CheckFunctionExists.c.o   -c /usr/share/cmake-3.10/Modules/CheckFunctionExists.c
Linking C executable cmTC_c2034
/usr/bin/cmake -E cmake_link_script CMakeFiles/cmTC_c2034.dir/link.txt --verbose=1
/usr/bin/cc  -DCHECK_FUNCTION_EXISTS=pthread_create    -rdynamic CMakeFiles/cmTC_c2034.dir/CheckFunctionExists.c.o  -o cmTC_c2034 -lpthreads 
/usr/bin/ld: cannot find -lpthreads
collect2: error: ld returned 1 exit status
CMakeFiles/cmTC_c2034.dir/build.make:97: recipe for target 'cmTC_c2034' failed
make[1]: *** [cmTC_c2034] Error 1
make[1]: Leaving directory '/home/airbud/catkin_ws/build/hector_map_tools/CMakeFiles/CMakeTmp'
Makefile:126: recipe for target 'cmTC_c2034/fast' failed
make: *** [cmTC_c2034/fast] Error 2


