Determining if the pthread_create exist failed with the following output:
Change Dir: /home/airbud/catkin_ws/build/robot_localization/CMakeFiles/CMakeTmp

Run Build Command:"/usr/bin/make" "cmTC_ab04c/fast"
/usr/bin/make -f CMakeFiles/cmTC_ab04c.dir/build.make CMakeFiles/cmTC_ab04c.dir/build
make[1]: Entering directory '/home/airbud/catkin_ws/build/robot_localization/CMakeFiles/CMakeTmp'
Building C object CMakeFiles/cmTC_ab04c.dir/CheckSymbolExists.c.o
/usr/bin/cc    -o CMakeFiles/cmTC_ab04c.dir/CheckSymbolExists.c.o   -c /home/airbud/catkin_ws/build/robot_localization/CMakeFiles/CMakeTmp/CheckSymbolExists.c
Linking C executable cmTC_ab04c
/usr/bin/cmake -E cmake_link_script CMakeFiles/cmTC_ab04c.dir/link.txt --verbose=1
/usr/bin/cc      -rdynamic CMakeFiles/cmTC_ab04c.dir/CheckSymbolExists.c.o  -o cmTC_ab04c 
CMakeFiles/cmTC_ab04c.dir/CheckSymbolExists.c.o: In function `main':
CheckSymbolExists.c:(.text+0x14): undefined reference to `pthread_create'
CheckSymbolExists.c:(.text+0x18): undefined reference to `pthread_create'
collect2: error: ld returned 1 exit status
CMakeFiles/cmTC_ab04c.dir/build.make:97: recipe for target 'cmTC_ab04c' failed
make[1]: *** [cmTC_ab04c] Error 1
make[1]: Leaving directory '/home/airbud/catkin_ws/build/robot_localization/CMakeFiles/CMakeTmp'
Makefile:126: recipe for target 'cmTC_ab04c/fast' failed
make: *** [cmTC_ab04c/fast] Error 2

File /home/airbud/catkin_ws/build/robot_localization/CMakeFiles/CMakeTmp/CheckSymbolExists.c:
/* */
#include <pthread.h>

int main(int argc, char** argv)
{
  (void)argv;
#ifndef pthread_create
  return ((int*)(&pthread_create))[argc];
#else
  (void)argc;
  return 0;
#endif
}

Determining if the function pthread_create exists in the pthreads failed with the following output:
Change Dir: /home/airbud/catkin_ws/build/robot_localization/CMakeFiles/CMakeTmp

Run Build Command:"/usr/bin/make" "cmTC_96562/fast"
/usr/bin/make -f CMakeFiles/cmTC_96562.dir/build.make CMakeFiles/cmTC_96562.dir/build
make[1]: Entering directory '/home/airbud/catkin_ws/build/robot_localization/CMakeFiles/CMakeTmp'
Building C object CMakeFiles/cmTC_96562.dir/CheckFunctionExists.c.o
/usr/bin/cc   -DCHECK_FUNCTION_EXISTS=pthread_create   -o CMakeFiles/cmTC_96562.dir/CheckFunctionExists.c.o   -c /usr/share/cmake-3.10/Modules/CheckFunctionExists.c
Linking C executable cmTC_96562
/usr/bin/cmake -E cmake_link_script CMakeFiles/cmTC_96562.dir/link.txt --verbose=1
/usr/bin/cc  -DCHECK_FUNCTION_EXISTS=pthread_create    -rdynamic CMakeFiles/cmTC_96562.dir/CheckFunctionExists.c.o  -o cmTC_96562 -lpthreads 
/usr/bin/ld: cannot find -lpthreads
collect2: error: ld returned 1 exit status
CMakeFiles/cmTC_96562.dir/build.make:97: recipe for target 'cmTC_96562' failed
make[1]: *** [cmTC_96562] Error 1
make[1]: Leaving directory '/home/airbud/catkin_ws/build/robot_localization/CMakeFiles/CMakeTmp'
Makefile:126: recipe for target 'cmTC_96562/fast' failed
make: *** [cmTC_96562/fast] Error 2


