Determining if the pthread_create exist failed with the following output:
Change Dir: /home/airbud/catkin_ws/build/diffbot_navigation/CMakeFiles/CMakeTmp

Run Build Command:"/usr/bin/make" "cmTC_35049/fast"
/usr/bin/make -f CMakeFiles/cmTC_35049.dir/build.make CMakeFiles/cmTC_35049.dir/build
make[1]: Entering directory '/home/airbud/catkin_ws/build/diffbot_navigation/CMakeFiles/CMakeTmp'
Building C object CMakeFiles/cmTC_35049.dir/CheckSymbolExists.c.o
/usr/bin/cc    -o CMakeFiles/cmTC_35049.dir/CheckSymbolExists.c.o   -c /home/airbud/catkin_ws/build/diffbot_navigation/CMakeFiles/CMakeTmp/CheckSymbolExists.c
Linking C executable cmTC_35049
/usr/bin/cmake -E cmake_link_script CMakeFiles/cmTC_35049.dir/link.txt --verbose=1
/usr/bin/cc      -rdynamic CMakeFiles/cmTC_35049.dir/CheckSymbolExists.c.o  -o cmTC_35049 
CMakeFiles/cmTC_35049.dir/CheckSymbolExists.c.o: In function `main':
CheckSymbolExists.c:(.text+0x14): undefined reference to `pthread_create'
CheckSymbolExists.c:(.text+0x18): undefined reference to `pthread_create'
collect2: error: ld returned 1 exit status
CMakeFiles/cmTC_35049.dir/build.make:97: recipe for target 'cmTC_35049' failed
make[1]: *** [cmTC_35049] Error 1
make[1]: Leaving directory '/home/airbud/catkin_ws/build/diffbot_navigation/CMakeFiles/CMakeTmp'
Makefile:126: recipe for target 'cmTC_35049/fast' failed
make: *** [cmTC_35049/fast] Error 2

File /home/airbud/catkin_ws/build/diffbot_navigation/CMakeFiles/CMakeTmp/CheckSymbolExists.c:
/* */
#include <pthread.h>

int main(int argc, char** argv)
{
  (void)argv;
#ifndef pthread_create
  return ((int*)(&pthread_create))[argc];
#else
  (void)argc;
  return 0;
#endif
}

Determining if the function pthread_create exists in the pthreads failed with the following output:
Change Dir: /home/airbud/catkin_ws/build/diffbot_navigation/CMakeFiles/CMakeTmp

Run Build Command:"/usr/bin/make" "cmTC_78580/fast"
/usr/bin/make -f CMakeFiles/cmTC_78580.dir/build.make CMakeFiles/cmTC_78580.dir/build
make[1]: Entering directory '/home/airbud/catkin_ws/build/diffbot_navigation/CMakeFiles/CMakeTmp'
Building C object CMakeFiles/cmTC_78580.dir/CheckFunctionExists.c.o
/usr/bin/cc   -DCHECK_FUNCTION_EXISTS=pthread_create   -o CMakeFiles/cmTC_78580.dir/CheckFunctionExists.c.o   -c /usr/share/cmake-3.10/Modules/CheckFunctionExists.c
Linking C executable cmTC_78580
/usr/bin/cmake -E cmake_link_script CMakeFiles/cmTC_78580.dir/link.txt --verbose=1
/usr/bin/cc  -DCHECK_FUNCTION_EXISTS=pthread_create    -rdynamic CMakeFiles/cmTC_78580.dir/CheckFunctionExists.c.o  -o cmTC_78580 -lpthreads 
/usr/bin/ld: cannot find -lpthreads
collect2: error: ld returned 1 exit status
CMakeFiles/cmTC_78580.dir/build.make:97: recipe for target 'cmTC_78580' failed
make[1]: *** [cmTC_78580] Error 1
make[1]: Leaving directory '/home/airbud/catkin_ws/build/diffbot_navigation/CMakeFiles/CMakeTmp'
Makefile:126: recipe for target 'cmTC_78580/fast' failed
make: *** [cmTC_78580/fast] Error 2


