[  0%] Built target visualization_msgs_generate_messages_eus
[  0%] Built target _navfn_generate_messages_check_deps_MakeNavPlan
[  0%] Built target _navfn_generate_messages_check_deps_SetCostmap
[  0%] Built target geometry_msgs_generate_messages_cpp
[  0%] Built target roscpp_generate_messages_lisp
[  0%] Built target tf_generate_messages_lisp
[  0%] Built target geometry_msgs_generate_messages_lisp
[  0%] Built target geometry_msgs_generate_messages_eus
[  0%] Built target std_msgs_generate_messages_py
[  0%] Built target roscpp_generate_messages_nodejs
[  0%] Built target std_msgs_generate_messages_lisp
[  0%] Built target sensor_msgs_generate_messages_py
[  0%] Built target tf_generate_messages_py
[  0%] Built target dynamic_reconfigure_generate_messages_cpp
[  0%] Built target rosgraph_msgs_generate_messages_cpp
[  0%] Built target std_msgs_generate_messages_cpp
[  0%] Built target map_msgs_generate_messages_lisp
[  0%] Built target std_msgs_generate_messages_eus
[  0%] Built target visualization_msgs_generate_messages_lisp
[  0%] Built target visualization_msgs_generate_messages_nodejs
[  0%] Built target map_msgs_generate_messages_nodejs
[  0%] Built target actionlib_msgs_generate_messages_nodejs
[  0%] Built target nav_msgs_generate_messages_nodejs
[  0%] Built target costmap_2d_gencfg
[  0%] Built target costmap_2d_generate_messages_cpp
[  0%] Built target dynamic_reconfigure_generate_messages_nodejs
[  0%] Built target visualization_msgs_generate_messages_py
[  0%] Built target roscpp_generate_messages_cpp
[  0%] Built target sensor_msgs_generate_messages_nodejs
[  0%] Built target actionlib_generate_messages_cpp
[  0%] Built target geometry_msgs_generate_messages_nodejs
[  0%] Built target costmap_2d_generate_messages_lisp
[  0%] Built target tf_generate_messages_nodejs
[  0%] Built target costmap_2d_generate_messages_nodejs
[  0%] Built target std_msgs_generate_messages_nodejs
[  0%] Built target costmap_2d_generate_messages_py
[  0%] Built target dynamic_reconfigure_generate_messages_eus
[  0%] Built target costmap_2d_generate_messages_eus
[  0%] Built target dynamic_reconfigure_generate_messages_lisp
[  0%] Built target map_msgs_generate_messages_eus
[  0%] Built target geometry_msgs_generate_messages_py
[  0%] Built target dynamic_reconfigure_generate_messages_py
[  0%] Built target roscpp_generate_messages_py
[  0%] Built target rosgraph_msgs_generate_messages_eus
[  0%] Built target rosgraph_msgs_generate_messages_lisp
[  0%] Built target rosgraph_msgs_generate_messages_nodejs
[  0%] Built target sensor_msgs_generate_messages_cpp
[  0%] Built target sensor_msgs_generate_messages_eus
[  0%] Built target _catkin_empty_exported_target
[  0%] Built target actionlib_generate_messages_eus
[  0%] Built target actionlib_generate_messages_lisp
[  0%] Built target map_msgs_generate_messages_py
[  0%] Built target tf_generate_messages_cpp
[  0%] Built target actionlib_generate_messages_nodejs
[  0%] Built target tf_generate_messages_eus
[  0%] Built target actionlib_msgs_generate_messages_cpp
[  0%] Built target roscpp_generate_messages_eus
[  0%] Built target rosgraph_msgs_generate_messages_py
[  0%] Built target actionlib_msgs_generate_messages_eus
[  0%] Built target actionlib_msgs_generate_messages_lisp
[  0%] Built target actionlib_msgs_generate_messages_py
[  0%] Built target tf2_msgs_generate_messages_cpp
[  0%] Built target map_msgs_generate_messages_cpp
[  0%] Built target actionlib_generate_messages_py
[  0%] Built target tf2_msgs_generate_messages_py
[  0%] Built target tf2_msgs_generate_messages_nodejs
[  0%] Built target sensor_msgs_generate_messages_lisp
[  0%] Built target nav_msgs_generate_messages_cpp
[  0%] Built target nav_msgs_generate_messages_lisp
[  0%] Built target dynamic_reconfigure_gencfg
[  0%] Built target tf2_msgs_generate_messages_lisp
[  0%] Built target nav_msgs_generate_messages_py
[  0%] Built target tf2_msgs_generate_messages_eus
[  0%] Built target nav_msgs_generate_messages_eus
[  0%] Built target visualization_msgs_generate_messages_cpp
[ 17%] Built target navfn_generate_messages_py
[ 29%] Built target navfn_generate_messages_nodejs
[ 41%] Built target navfn_generate_messages_lisp
[ 58%] Built target navfn_generate_messages_eus
[ 70%] Built target navfn_generate_messages_cpp
[ 70%] Built target navfn_generate_messages
[ 76%] [32m[1mLinking CXX shared library /home/airbud/catkin_ws/devel/.private/navfn/lib/libnavfn.so[0m
CMakeFiles/navfn.dir/src/navfn.cpp.o: file not recognized: File truncated
collect2: error: ld returned 1 exit status
CMakeFiles/navfn.dir/build.make:156: recipe for target '/home/airbud/catkin_ws/devel/.private/navfn/lib/libnavfn.so' failed
CMakeFiles/Makefile2:140: recipe for target 'CMakeFiles/navfn.dir/all' failed
make[2]: *** [/home/airbud/catkin_ws/devel/.private/navfn/lib/libnavfn.so] Error 1
make[1]: *** [CMakeFiles/navfn.dir/all] Error 2
make: *** [all] Error 2
Makefile:140: recipe for target 'all' failed
