Determining if the pthread_create exist failed with the following output:
Change Dir: /home/airbud/catkin_ws/build/amcl/CMakeFiles/CMakeTmp

Run Build Command:"/usr/bin/make" "cmTC_79862/fast"
/usr/bin/make -f CMakeFiles/cmTC_79862.dir/build.make CMakeFiles/cmTC_79862.dir/build
make[1]: Entering directory '/home/airbud/catkin_ws/build/amcl/CMakeFiles/CMakeTmp'
Building C object CMakeFiles/cmTC_79862.dir/CheckSymbolExists.c.o
/usr/bin/cc    -o CMakeFiles/cmTC_79862.dir/CheckSymbolExists.c.o   -c /home/airbud/catkin_ws/build/amcl/CMakeFiles/CMakeTmp/CheckSymbolExists.c
Linking C executable cmTC_79862
/usr/bin/cmake -E cmake_link_script CMakeFiles/cmTC_79862.dir/link.txt --verbose=1
/usr/bin/cc      -rdynamic CMakeFiles/cmTC_79862.dir/CheckSymbolExists.c.o  -o cmTC_79862 
CMakeFiles/cmTC_79862.dir/CheckSymbolExists.c.o: In function `main':
CheckSymbolExists.c:(.text+0x14): undefined reference to `pthread_create'
CheckSymbolExists.c:(.text+0x18): undefined reference to `pthread_create'
collect2: error: ld returned 1 exit status
CMakeFiles/cmTC_79862.dir/build.make:97: recipe for target 'cmTC_79862' failed
make[1]: *** [cmTC_79862] Error 1
make[1]: Leaving directory '/home/airbud/catkin_ws/build/amcl/CMakeFiles/CMakeTmp'
Makefile:126: recipe for target 'cmTC_79862/fast' failed
make: *** [cmTC_79862/fast] Error 2

File /home/airbud/catkin_ws/build/amcl/CMakeFiles/CMakeTmp/CheckSymbolExists.c:
/* */
#include <pthread.h>

int main(int argc, char** argv)
{
  (void)argv;
#ifndef pthread_create
  return ((int*)(&pthread_create))[argc];
#else
  (void)argc;
  return 0;
#endif
}

Determining if the function pthread_create exists in the pthreads failed with the following output:
Change Dir: /home/airbud/catkin_ws/build/amcl/CMakeFiles/CMakeTmp

Run Build Command:"/usr/bin/make" "cmTC_fb108/fast"
/usr/bin/make -f CMakeFiles/cmTC_fb108.dir/build.make CMakeFiles/cmTC_fb108.dir/build
make[1]: Entering directory '/home/airbud/catkin_ws/build/amcl/CMakeFiles/CMakeTmp'
Building C object CMakeFiles/cmTC_fb108.dir/CheckFunctionExists.c.o
/usr/bin/cc   -DCHECK_FUNCTION_EXISTS=pthread_create   -o CMakeFiles/cmTC_fb108.dir/CheckFunctionExists.c.o   -c /usr/share/cmake-3.10/Modules/CheckFunctionExists.c
Linking C executable cmTC_fb108
/usr/bin/cmake -E cmake_link_script CMakeFiles/cmTC_fb108.dir/link.txt --verbose=1
/usr/bin/cc  -DCHECK_FUNCTION_EXISTS=pthread_create    -rdynamic CMakeFiles/cmTC_fb108.dir/CheckFunctionExists.c.o  -o cmTC_fb108 -lpthreads 
/usr/bin/ld: cannot find -lpthreads
collect2: error: ld returned 1 exit status
CMakeFiles/cmTC_fb108.dir/build.make:97: recipe for target 'cmTC_fb108' failed
make[1]: *** [cmTC_fb108] Error 1
make[1]: Leaving directory '/home/airbud/catkin_ws/build/amcl/CMakeFiles/CMakeTmp'
Makefile:126: recipe for target 'cmTC_fb108/fast' failed
make: *** [cmTC_fb108/fast] Error 2


