Determining if the pthread_create exist failed with the following output:
Change Dir: /home/airbud/catkin_ws/build/diffbot_msgs/CMakeFiles/CMakeTmp

Run Build Command:"/usr/bin/make" "cmTC_54e0a/fast"
/usr/bin/make -f CMakeFiles/cmTC_54e0a.dir/build.make CMakeFiles/cmTC_54e0a.dir/build
make[1]: Entering directory '/home/airbud/catkin_ws/build/diffbot_msgs/CMakeFiles/CMakeTmp'
Building C object CMakeFiles/cmTC_54e0a.dir/CheckSymbolExists.c.o
/usr/bin/cc    -o CMakeFiles/cmTC_54e0a.dir/CheckSymbolExists.c.o   -c /home/airbud/catkin_ws/build/diffbot_msgs/CMakeFiles/CMakeTmp/CheckSymbolExists.c
Linking C executable cmTC_54e0a
/usr/bin/cmake -E cmake_link_script CMakeFiles/cmTC_54e0a.dir/link.txt --verbose=1
/usr/bin/cc      -rdynamic CMakeFiles/cmTC_54e0a.dir/CheckSymbolExists.c.o  -o cmTC_54e0a 
CMakeFiles/cmTC_54e0a.dir/CheckSymbolExists.c.o: In function `main':
CheckSymbolExists.c:(.text+0x14): undefined reference to `pthread_create'
CheckSymbolExists.c:(.text+0x18): undefined reference to `pthread_create'
collect2: error: ld returned 1 exit status
CMakeFiles/cmTC_54e0a.dir/build.make:97: recipe for target 'cmTC_54e0a' failed
make[1]: *** [cmTC_54e0a] Error 1
make[1]: Leaving directory '/home/airbud/catkin_ws/build/diffbot_msgs/CMakeFiles/CMakeTmp'
Makefile:126: recipe for target 'cmTC_54e0a/fast' failed
make: *** [cmTC_54e0a/fast] Error 2

File /home/airbud/catkin_ws/build/diffbot_msgs/CMakeFiles/CMakeTmp/CheckSymbolExists.c:
/* */
#include <pthread.h>

int main(int argc, char** argv)
{
  (void)argv;
#ifndef pthread_create
  return ((int*)(&pthread_create))[argc];
#else
  (void)argc;
  return 0;
#endif
}

Determining if the function pthread_create exists in the pthreads failed with the following output:
Change Dir: /home/airbud/catkin_ws/build/diffbot_msgs/CMakeFiles/CMakeTmp

Run Build Command:"/usr/bin/make" "cmTC_e837f/fast"
/usr/bin/make -f CMakeFiles/cmTC_e837f.dir/build.make CMakeFiles/cmTC_e837f.dir/build
make[1]: Entering directory '/home/airbud/catkin_ws/build/diffbot_msgs/CMakeFiles/CMakeTmp'
Building C object CMakeFiles/cmTC_e837f.dir/CheckFunctionExists.c.o
/usr/bin/cc   -DCHECK_FUNCTION_EXISTS=pthread_create   -o CMakeFiles/cmTC_e837f.dir/CheckFunctionExists.c.o   -c /usr/share/cmake-3.10/Modules/CheckFunctionExists.c
Linking C executable cmTC_e837f
/usr/bin/cmake -E cmake_link_script CMakeFiles/cmTC_e837f.dir/link.txt --verbose=1
/usr/bin/cc  -DCHECK_FUNCTION_EXISTS=pthread_create    -rdynamic CMakeFiles/cmTC_e837f.dir/CheckFunctionExists.c.o  -o cmTC_e837f -lpthreads 
/usr/bin/ld: cannot find -lpthreads
collect2: error: ld returned 1 exit status
CMakeFiles/cmTC_e837f.dir/build.make:97: recipe for target 'cmTC_e837f' failed
make[1]: *** [cmTC_e837f] Error 1
make[1]: Leaving directory '/home/airbud/catkin_ws/build/diffbot_msgs/CMakeFiles/CMakeTmp'
Makefile:126: recipe for target 'cmTC_e837f/fast' failed
make: *** [cmTC_e837f/fast] Error 2


