[35m[1mScanning dependencies of target _drone_controller_generate_messages_check_deps_MoveDroneW[0m
[  0%] Built target _drone_controller_generate_messages_check_deps_MoveDroneW
[35m[1mScanning dependencies of target _drone_controller_generate_messages_check_deps_SetRefPose[0m
[  0%] Built target _drone_controller_generate_messages_check_deps_SetRefPose
[35m[1mScanning dependencies of target std_msgs_generate_messages_cpp[0m
[  0%] Built target std_msgs_generate_messages_cpp
[35m[1mScanning dependencies of target std_msgs_generate_messages_eus[0m
[  0%] Built target std_msgs_generate_messages_eus
[35m[1mScanning dependencies of target std_msgs_generate_messages_nodejs[0m
[  0%] Built target std_msgs_generate_messages_nodejs
[35m[1mScanning dependencies of target std_msgs_generate_messages_lisp[0m
[  0%] Built target std_msgs_generate_messages_lisp
[35m[1mScanning dependencies of target std_msgs_generate_messages_py[0m
[  0%] Built target std_msgs_generate_messages_py
[35m[1mScanning dependencies of target drone_controller_generate_messages_cpp[0m
[  5%] [34m[1mGenerating C++ code from drone_controller/SetRefPose.srv[0m
[ 10%] [34m[1mGenerating C++ code from drone_controller/MoveDroneW.srv[0m
[ 10%] Built target drone_controller_generate_messages_cpp
[35m[1mScanning dependencies of target drone_controller_generate_messages_eus[0m
[ 15%] [34m[1mGenerating EusLisp code from drone_controller/SetRefPose.srv[0m
[ 20%] [34m[1mGenerating EusLisp code from drone_controller/MoveDroneW.srv[0m
[ 25%] [34m[1mGenerating EusLisp manifest code for drone_controller[0m
WARNING: Package name "Camera_Data" does not follow the naming conventions. It should start with a lower case letter and only contain lower case letters, digits, underscores, and dashes.
WARNING: Package name "seniorDesign" does not follow the naming conventions. It should start with a lower case letter and only contain lower case letters, digits, underscores, and dashes.
WARNING: Package name "Camera_Data" does not follow the naming conventions. It should start with a lower case letter and only contain lower case letters, digits, underscores, and dashes.
WARNING: Package name "seniorDesign" does not follow the naming conventions. It should start with a lower case letter and only contain lower case letters, digits, underscores, and dashes.
[35m[1mScanning dependencies of target drone_controller_generate_messages_nodejs[0m
[ 30%] [34m[1mGenerating Javascript code from drone_controller/SetRefPose.srv[0m
[ 35%] [34m[1mGenerating Javascript code from drone_controller/MoveDroneW.srv[0m
[ 35%] Built target drone_controller_generate_messages_nodejs
[35m[1mScanning dependencies of target drone_controller_generate_messages_lisp[0m
[ 40%] [34m[1mGenerating Lisp code from drone_controller/SetRefPose.srv[0m
[ 45%] [34m[1mGenerating Lisp code from drone_controller/MoveDroneW.srv[0m
[ 45%] Built target drone_controller_generate_messages_lisp
[35m[1mScanning dependencies of target drone_controller_generate_messages_py[0m
[ 50%] [34m[1mGenerating Python code from SRV drone_controller/SetRefPose[0m
[ 50%] Built target drone_controller_generate_messages_eus
[35m[1mScanning dependencies of target controller_interface[0m
[ 55%] [32mBuilding CXX object CMakeFiles/controller_interface.dir/src/controller_interface.cpp.o[0m
[ 60%] [34m[1mGenerating Python code from SRV drone_controller/MoveDroneW[0m
[ 65%] [34m[1mGenerating Python srv __init__.py for drone_controller[0m
[ 65%] Built target drone_controller_generate_messages_py
[35m[1mScanning dependencies of target altitude_controller_interface[0m
[ 70%] [32mBuilding CXX object CMakeFiles/altitude_controller_interface.dir/src/altitude_controller_interface.cpp.o[0m
[ 75%] [32m[1mLinking CXX executable /home/airbud/catkin_ws/devel/.private/drone_controller/lib/drone_controller/altitude_controller_interface[0m
[ 75%] Built target altitude_controller_interface
[35m[1mScanning dependencies of target path_visualization[0m
[ 80%] [32mBuilding CXX object CMakeFiles/path_visualization.dir/src/path_visualization.cpp.o[0m
[ 85%] [32m[1mLinking CXX executable /home/airbud/catkin_ws/devel/.private/drone_controller/lib/drone_controller/controller_interface[0m
[ 85%] Built target controller_interface
[35m[1mScanning dependencies of target position_controller_interface[0m
[ 90%] [32mBuilding CXX object CMakeFiles/position_controller_interface.dir/src/position_controller_interface.cpp.o[0m
[35m[1mScanning dependencies of target drone_controller_generate_messages[0m
[ 90%] Built target drone_controller_generate_messages
[ 95%] [32m[1mLinking CXX executable /home/airbud/catkin_ws/devel/.private/drone_controller/lib/drone_controller/position_controller_interface[0m
[100%] [32m[1mLinking CXX executable /home/airbud/catkin_ws/devel/.private/drone_controller/lib/drone_controller/path_visualization[0m
[100%] Built target position_controller_interface
[100%] Built target path_visualization
