Symlinking /home/airbud/catkin_ws/devel/include/drone_controller/MoveDroneW.h
Symlinking /home/airbud/catkin_ws/devel/include/drone_controller/MoveDroneWRequest.h
Symlinking /home/airbud/catkin_ws/devel/include/drone_controller/SetRefPoseResponse.h
Symlinking /home/airbud/catkin_ws/devel/include/drone_controller/SetRefPose.h
Symlinking /home/airbud/catkin_ws/devel/include/drone_controller/MoveDroneWResponse.h
Symlinking /home/airbud/catkin_ws/devel/include/drone_controller/SetRefPoseRequest.h
Symlinking /home/airbud/catkin_ws/devel/lib/drone_controller/position_controller_interface
Symlinking /home/airbud/catkin_ws/devel/lib/drone_controller/altitude_controller_interface
Symlinking /home/airbud/catkin_ws/devel/lib/drone_controller/controller_interface
Symlinking /home/airbud/catkin_ws/devel/lib/drone_controller/path_visualization
Symlinking /home/airbud/catkin_ws/devel/lib/python2.7/dist-packages/drone_controller/__init__.py
Symlinking /home/airbud/catkin_ws/devel/lib/python2.7/dist-packages/drone_controller/srv/__init__.py
Symlinking /home/airbud/catkin_ws/devel/lib/python2.7/dist-packages/drone_controller/srv/_MoveDroneW.py
Symlinking /home/airbud/catkin_ws/devel/lib/python2.7/dist-packages/drone_controller/srv/_SetRefPose.py
Symlinking /home/airbud/catkin_ws/devel/lib/pkgconfig/drone_controller.pc
Symlinking /home/airbud/catkin_ws/devel/share/roseus/ros/drone_controller/manifest.l
Symlinking /home/airbud/catkin_ws/devel/share/roseus/ros/drone_controller/srv/SetRefPose.l
Symlinking /home/airbud/catkin_ws/devel/share/roseus/ros/drone_controller/srv/MoveDroneW.l
Symlinking /home/airbud/catkin_ws/devel/share/common-lisp/ros/drone_controller/srv/_package.lisp
Symlinking /home/airbud/catkin_ws/devel/share/common-lisp/ros/drone_controller/srv/MoveDroneW.lisp
Symlinking /home/airbud/catkin_ws/devel/share/common-lisp/ros/drone_controller/srv/SetRefPose.lisp
Symlinking /home/airbud/catkin_ws/devel/share/common-lisp/ros/drone_controller/srv/_package_SetRefPose.lisp
Symlinking /home/airbud/catkin_ws/devel/share/common-lisp/ros/drone_controller/srv/drone_controller-srv.asd
Symlinking /home/airbud/catkin_ws/devel/share/common-lisp/ros/drone_controller/srv/_package_MoveDroneW.lisp
Symlinking /home/airbud/catkin_ws/devel/share/drone_controller/cmake/drone_controller-msg-extras.cmake
Symlinking /home/airbud/catkin_ws/devel/share/drone_controller/cmake/drone_controller-msg-paths.cmake
Symlinking /home/airbud/catkin_ws/devel/share/drone_controller/cmake/drone_controllerConfig-version.cmake
Symlinking /home/airbud/catkin_ws/devel/share/drone_controller/cmake/drone_controllerConfig.cmake
Symlinking /home/airbud/catkin_ws/devel/share/gennodejs/ros/drone_controller/_index.js
Symlinking /home/airbud/catkin_ws/devel/share/gennodejs/ros/drone_controller/srv/SetRefPose.js
Symlinking /home/airbud/catkin_ws/devel/share/gennodejs/ros/drone_controller/srv/MoveDroneW.js
Symlinking /home/airbud/catkin_ws/devel/share/gennodejs/ros/drone_controller/srv/_index.js
