Determining if the pthread_create exist failed with the following output:
Change Dir: /home/airbud/catkin_ws/build/tello_driver/CMakeFiles/CMakeTmp

Run Build Command:"/usr/bin/make" "cmTC_fba11/fast"
/usr/bin/make -f CMakeFiles/cmTC_fba11.dir/build.make CMakeFiles/cmTC_fba11.dir/build
make[1]: Entering directory '/home/airbud/catkin_ws/build/tello_driver/CMakeFiles/CMakeTmp'
Building C object CMakeFiles/cmTC_fba11.dir/CheckSymbolExists.c.o
/usr/bin/cc    -o CMakeFiles/cmTC_fba11.dir/CheckSymbolExists.c.o   -c /home/airbud/catkin_ws/build/tello_driver/CMakeFiles/CMakeTmp/CheckSymbolExists.c
Linking C executable cmTC_fba11
/usr/bin/cmake -E cmake_link_script CMakeFiles/cmTC_fba11.dir/link.txt --verbose=1
/usr/bin/cc      -rdynamic CMakeFiles/cmTC_fba11.dir/CheckSymbolExists.c.o  -o cmTC_fba11 
CMakeFiles/cmTC_fba11.dir/CheckSymbolExists.c.o: In function `main':
CheckSymbolExists.c:(.text+0x14): undefined reference to `pthread_create'
CheckSymbolExists.c:(.text+0x18): undefined reference to `pthread_create'
collect2: error: ld returned 1 exit status
CMakeFiles/cmTC_fba11.dir/build.make:97: recipe for target 'cmTC_fba11' failed
make[1]: *** [cmTC_fba11] Error 1
make[1]: Leaving directory '/home/airbud/catkin_ws/build/tello_driver/CMakeFiles/CMakeTmp'
Makefile:126: recipe for target 'cmTC_fba11/fast' failed
make: *** [cmTC_fba11/fast] Error 2

File /home/airbud/catkin_ws/build/tello_driver/CMakeFiles/CMakeTmp/CheckSymbolExists.c:
/* */
#include <pthread.h>

int main(int argc, char** argv)
{
  (void)argv;
#ifndef pthread_create
  return ((int*)(&pthread_create))[argc];
#else
  (void)argc;
  return 0;
#endif
}

Determining if the function pthread_create exists in the pthreads failed with the following output:
Change Dir: /home/airbud/catkin_ws/build/tello_driver/CMakeFiles/CMakeTmp

Run Build Command:"/usr/bin/make" "cmTC_5f1c3/fast"
/usr/bin/make -f CMakeFiles/cmTC_5f1c3.dir/build.make CMakeFiles/cmTC_5f1c3.dir/build
make[1]: Entering directory '/home/airbud/catkin_ws/build/tello_driver/CMakeFiles/CMakeTmp'
Building C object CMakeFiles/cmTC_5f1c3.dir/CheckFunctionExists.c.o
/usr/bin/cc   -DCHECK_FUNCTION_EXISTS=pthread_create   -o CMakeFiles/cmTC_5f1c3.dir/CheckFunctionExists.c.o   -c /usr/share/cmake-3.10/Modules/CheckFunctionExists.c
Linking C executable cmTC_5f1c3
/usr/bin/cmake -E cmake_link_script CMakeFiles/cmTC_5f1c3.dir/link.txt --verbose=1
/usr/bin/cc  -DCHECK_FUNCTION_EXISTS=pthread_create    -rdynamic CMakeFiles/cmTC_5f1c3.dir/CheckFunctionExists.c.o  -o cmTC_5f1c3 -lpthreads 
/usr/bin/ld: cannot find -lpthreads
collect2: error: ld returned 1 exit status
CMakeFiles/cmTC_5f1c3.dir/build.make:97: recipe for target 'cmTC_5f1c3' failed
make[1]: *** [cmTC_5f1c3] Error 1
make[1]: Leaving directory '/home/airbud/catkin_ws/build/tello_driver/CMakeFiles/CMakeTmp'
Makefile:126: recipe for target 'cmTC_5f1c3/fast' failed
make: *** [cmTC_5f1c3/fast] Error 2


