Determining if the pthread_create exist failed with the following output:
Change Dir: /home/airbud/catkin_ws/build/imu_filter_madgwick/CMakeFiles/CMakeTmp

Run Build Command:"/usr/bin/make" "cmTC_39d13/fast"
/usr/bin/make -f CMakeFiles/cmTC_39d13.dir/build.make CMakeFiles/cmTC_39d13.dir/build
make[1]: Entering directory '/home/airbud/catkin_ws/build/imu_filter_madgwick/CMakeFiles/CMakeTmp'
Building C object CMakeFiles/cmTC_39d13.dir/CheckSymbolExists.c.o
/usr/bin/cc    -o CMakeFiles/cmTC_39d13.dir/CheckSymbolExists.c.o   -c /home/airbud/catkin_ws/build/imu_filter_madgwick/CMakeFiles/CMakeTmp/CheckSymbolExists.c
Linking C executable cmTC_39d13
/usr/bin/cmake -E cmake_link_script CMakeFiles/cmTC_39d13.dir/link.txt --verbose=1
/usr/bin/cc      -rdynamic CMakeFiles/cmTC_39d13.dir/CheckSymbolExists.c.o  -o cmTC_39d13 
CMakeFiles/cmTC_39d13.dir/CheckSymbolExists.c.o: In function `main':
CheckSymbolExists.c:(.text+0x14): undefined reference to `pthread_create'
CheckSymbolExists.c:(.text+0x18): undefined reference to `pthread_create'
collect2: error: ld returned 1 exit status
CMakeFiles/cmTC_39d13.dir/build.make:97: recipe for target 'cmTC_39d13' failed
make[1]: *** [cmTC_39d13] Error 1
make[1]: Leaving directory '/home/airbud/catkin_ws/build/imu_filter_madgwick/CMakeFiles/CMakeTmp'
Makefile:126: recipe for target 'cmTC_39d13/fast' failed
make: *** [cmTC_39d13/fast] Error 2

File /home/airbud/catkin_ws/build/imu_filter_madgwick/CMakeFiles/CMakeTmp/CheckSymbolExists.c:
/* */
#include <pthread.h>

int main(int argc, char** argv)
{
  (void)argv;
#ifndef pthread_create
  return ((int*)(&pthread_create))[argc];
#else
  (void)argc;
  return 0;
#endif
}

Determining if the function pthread_create exists in the pthreads failed with the following output:
Change Dir: /home/airbud/catkin_ws/build/imu_filter_madgwick/CMakeFiles/CMakeTmp

Run Build Command:"/usr/bin/make" "cmTC_1ff6c/fast"
/usr/bin/make -f CMakeFiles/cmTC_1ff6c.dir/build.make CMakeFiles/cmTC_1ff6c.dir/build
make[1]: Entering directory '/home/airbud/catkin_ws/build/imu_filter_madgwick/CMakeFiles/CMakeTmp'
Building C object CMakeFiles/cmTC_1ff6c.dir/CheckFunctionExists.c.o
/usr/bin/cc   -DCHECK_FUNCTION_EXISTS=pthread_create   -o CMakeFiles/cmTC_1ff6c.dir/CheckFunctionExists.c.o   -c /usr/share/cmake-3.10/Modules/CheckFunctionExists.c
Linking C executable cmTC_1ff6c
/usr/bin/cmake -E cmake_link_script CMakeFiles/cmTC_1ff6c.dir/link.txt --verbose=1
/usr/bin/cc  -DCHECK_FUNCTION_EXISTS=pthread_create    -rdynamic CMakeFiles/cmTC_1ff6c.dir/CheckFunctionExists.c.o  -o cmTC_1ff6c -lpthreads 
/usr/bin/ld: cannot find -lpthreads
collect2: error: ld returned 1 exit status
CMakeFiles/cmTC_1ff6c.dir/build.make:97: recipe for target 'cmTC_1ff6c' failed
make[1]: *** [cmTC_1ff6c] Error 1
make[1]: Leaving directory '/home/airbud/catkin_ws/build/imu_filter_madgwick/CMakeFiles/CMakeTmp'
Makefile:126: recipe for target 'cmTC_1ff6c/fast' failed
make: *** [cmTC_1ff6c/fast] Error 2


