Determining if the pthread_create exist failed with the following output:
Change Dir: /home/airbud/catkin_ws/build/pangolin/CMakeFiles/CMakeTmp

Run Build Command:"/usr/bin/make" "cmTC_49e26/fast"
/usr/bin/make -f CMakeFiles/cmTC_49e26.dir/build.make CMakeFiles/cmTC_49e26.dir/build
make[1]: Entering directory '/home/airbud/catkin_ws/build/pangolin/CMakeFiles/CMakeTmp'
Building C object CMakeFiles/cmTC_49e26.dir/CheckSymbolExists.c.o
/usr/bin/cc    -o CMakeFiles/cmTC_49e26.dir/CheckSymbolExists.c.o   -c /home/airbud/catkin_ws/build/pangolin/CMakeFiles/CMakeTmp/CheckSymbolExists.c
Linking C executable cmTC_49e26
/usr/bin/cmake -E cmake_link_script CMakeFiles/cmTC_49e26.dir/link.txt --verbose=1
/usr/bin/cc      CMakeFiles/cmTC_49e26.dir/CheckSymbolExists.c.o  -o cmTC_49e26 
CMakeFiles/cmTC_49e26.dir/CheckSymbolExists.c.o: In function `main':
CheckSymbolExists.c:(.text+0x14): undefined reference to `pthread_create'
CheckSymbolExists.c:(.text+0x18): undefined reference to `pthread_create'
collect2: error: ld returned 1 exit status
CMakeFiles/cmTC_49e26.dir/build.make:97: recipe for target 'cmTC_49e26' failed
make[1]: *** [cmTC_49e26] Error 1
make[1]: Leaving directory '/home/airbud/catkin_ws/build/pangolin/CMakeFiles/CMakeTmp'
Makefile:126: recipe for target 'cmTC_49e26/fast' failed
make: *** [cmTC_49e26/fast] Error 2

File /home/airbud/catkin_ws/build/pangolin/CMakeFiles/CMakeTmp/CheckSymbolExists.c:
/* */
#include <pthread.h>

int main(int argc, char** argv)
{
  (void)argv;
#ifndef pthread_create
  return ((int*)(&pthread_create))[argc];
#else
  (void)argc;
  return 0;
#endif
}

Determining if the function pthread_create exists in the pthreads failed with the following output:
Change Dir: /home/airbud/catkin_ws/build/pangolin/CMakeFiles/CMakeTmp

Run Build Command:"/usr/bin/make" "cmTC_b4860/fast"
/usr/bin/make -f CMakeFiles/cmTC_b4860.dir/build.make CMakeFiles/cmTC_b4860.dir/build
make[1]: Entering directory '/home/airbud/catkin_ws/build/pangolin/CMakeFiles/CMakeTmp'
Building C object CMakeFiles/cmTC_b4860.dir/CheckFunctionExists.c.o
/usr/bin/cc   -DCHECK_FUNCTION_EXISTS=pthread_create   -o CMakeFiles/cmTC_b4860.dir/CheckFunctionExists.c.o   -c /usr/share/cmake-3.10/Modules/CheckFunctionExists.c
Linking C executable cmTC_b4860
/usr/bin/cmake -E cmake_link_script CMakeFiles/cmTC_b4860.dir/link.txt --verbose=1
/usr/bin/cc  -DCHECK_FUNCTION_EXISTS=pthread_create    CMakeFiles/cmTC_b4860.dir/CheckFunctionExists.c.o  -o cmTC_b4860 -lpthreads 
/usr/bin/ld: cannot find -lpthreads
collect2: error: ld returned 1 exit status
CMakeFiles/cmTC_b4860.dir/build.make:97: recipe for target 'cmTC_b4860' failed
make[1]: *** [cmTC_b4860] Error 1
make[1]: Leaving directory '/home/airbud/catkin_ws/build/pangolin/CMakeFiles/CMakeTmp'
Makefile:126: recipe for target 'cmTC_b4860/fast' failed
make: *** [cmTC_b4860/fast] Error 2


