[  3%] Built target test_ros_robot_localization_listener_publisher
[  6%] Built target filter_utilities
[  6%] Built target _robot_localization_generate_messages_check_deps_FromLL
[  6%] Built target geometry_msgs_generate_messages_cpp
[  6%] Built target _robot_localization_generate_messages_check_deps_GetState
[  6%] Built target geographic_msgs_generate_messages_cpp
[  6%] Built target std_msgs_generate_messages_cpp
[  6%] Built target _robot_localization_generate_messages_check_deps_SetPose
[  6%] Built target _robot_localization_generate_messages_check_deps_ToLL
[  6%] Built target _robot_localization_generate_messages_check_deps_ToggleFilterProcessing
[  6%] Built target geographic_msgs_generate_messages_nodejs
[  6%] Built target _robot_localization_generate_messages_check_deps_SetDatum
[  9%] Built target ros_filter_utilities
[  9%] Built target geometry_msgs_generate_messages_nodejs
[  9%] Built target std_msgs_generate_messages_nodejs
[  9%] Built target std_msgs_generate_messages_eus
[  9%] Built target geometry_msgs_generate_messages_eus
[  9%] Built target geographic_msgs_generate_messages_eus
[  9%] Built target geographic_msgs_generate_messages_lisp
[  9%] Built target std_msgs_generate_messages_lisp
[  9%] Built target geometry_msgs_generate_messages_lisp
[  9%] Built target geographic_msgs_generate_messages_py
[  9%] Built target std_msgs_generate_messages_py
[  9%] Built target geometry_msgs_generate_messages_py
[ 18%] Built target robot_localization_generate_messages_cpp
[ 27%] Built target robot_localization_generate_messages_nodejs
[ 39%] Built target robot_localization_generate_messages_eus
[ 47%] Built target robot_localization_generate_messages_lisp
[ 57%] Built target robot_localization_generate_messages_py
[ 57%] Built target robot_localization_gencpp
[ 57%] Built target robot_localization_generate_messages
[ 60%] Built target filter_base
[ 62%] Built target navsat_transform
[ 63%] Built target ekf
[ 67%] Built target ukf
[ 70%] Built target navsat_transform_nodelet
[ 73%] Built target navsat_transform_node
[ 77%] Built target ros_filter
[ 80%] Built target robot_localization_estimator
[ 83%] Built target ukf_localization_nodelet
[ 86%] Built target ekf_localization_nodelet
[ 90%] Built target ekf_localization_node
[ 93%] Built target ukf_localization_node
[ 96%] Built target ros_robot_localization_listener
[100%] Built target robot_localization_listener_node
