Determining if the pthread_create exist failed with the following output:
Change Dir: /home/airbud/catkin_ws/build/navfn/CMakeFiles/CMakeTmp

Run Build Command:"/usr/bin/make" "cmTC_278eb/fast"
/usr/bin/make -f CMakeFiles/cmTC_278eb.dir/build.make CMakeFiles/cmTC_278eb.dir/build
make[1]: Entering directory '/home/airbud/catkin_ws/build/navfn/CMakeFiles/CMakeTmp'
Building C object CMakeFiles/cmTC_278eb.dir/CheckSymbolExists.c.o
/usr/bin/cc    -o CMakeFiles/cmTC_278eb.dir/CheckSymbolExists.c.o   -c /home/airbud/catkin_ws/build/navfn/CMakeFiles/CMakeTmp/CheckSymbolExists.c
Linking C executable cmTC_278eb
/usr/bin/cmake -E cmake_link_script CMakeFiles/cmTC_278eb.dir/link.txt --verbose=1
/usr/bin/cc      -rdynamic CMakeFiles/cmTC_278eb.dir/CheckSymbolExists.c.o  -o cmTC_278eb 
CMakeFiles/cmTC_278eb.dir/CheckSymbolExists.c.o: In function `main':
CheckSymbolExists.c:(.text+0x14): undefined reference to `pthread_create'
CheckSymbolExists.c:(.text+0x18): undefined reference to `pthread_create'
collect2: error: ld returned 1 exit status
CMakeFiles/cmTC_278eb.dir/build.make:97: recipe for target 'cmTC_278eb' failed
make[1]: *** [cmTC_278eb] Error 1
make[1]: Leaving directory '/home/airbud/catkin_ws/build/navfn/CMakeFiles/CMakeTmp'
Makefile:126: recipe for target 'cmTC_278eb/fast' failed
make: *** [cmTC_278eb/fast] Error 2

File /home/airbud/catkin_ws/build/navfn/CMakeFiles/CMakeTmp/CheckSymbolExists.c:
/* */
#include <pthread.h>

int main(int argc, char** argv)
{
  (void)argv;
#ifndef pthread_create
  return ((int*)(&pthread_create))[argc];
#else
  (void)argc;
  return 0;
#endif
}

Determining if the function pthread_create exists in the pthreads failed with the following output:
Change Dir: /home/airbud/catkin_ws/build/navfn/CMakeFiles/CMakeTmp

Run Build Command:"/usr/bin/make" "cmTC_f5ca8/fast"
/usr/bin/make -f CMakeFiles/cmTC_f5ca8.dir/build.make CMakeFiles/cmTC_f5ca8.dir/build
make[1]: Entering directory '/home/airbud/catkin_ws/build/navfn/CMakeFiles/CMakeTmp'
Building C object CMakeFiles/cmTC_f5ca8.dir/CheckFunctionExists.c.o
/usr/bin/cc   -DCHECK_FUNCTION_EXISTS=pthread_create   -o CMakeFiles/cmTC_f5ca8.dir/CheckFunctionExists.c.o   -c /usr/share/cmake-3.10/Modules/CheckFunctionExists.c
Linking C executable cmTC_f5ca8
/usr/bin/cmake -E cmake_link_script CMakeFiles/cmTC_f5ca8.dir/link.txt --verbose=1
/usr/bin/cc  -DCHECK_FUNCTION_EXISTS=pthread_create    -rdynamic CMakeFiles/cmTC_f5ca8.dir/CheckFunctionExists.c.o  -o cmTC_f5ca8 -lpthreads 
/usr/bin/ld: cannot find -lpthreads
collect2: error: ld returned 1 exit status
CMakeFiles/cmTC_f5ca8.dir/build.make:97: recipe for target 'cmTC_f5ca8' failed
make[1]: *** [cmTC_f5ca8] Error 1
make[1]: Leaving directory '/home/airbud/catkin_ws/build/navfn/CMakeFiles/CMakeTmp'
Makefile:126: recipe for target 'cmTC_f5ca8/fast' failed
make: *** [cmTC_f5ca8/fast] Error 2


Determining if the include file pgm.h exists failed with the following output:
Change Dir: /home/airbud/catkin_ws/build/navfn/CMakeFiles/CMakeTmp

Run Build Command:"/usr/bin/make" "cmTC_58d7d/fast"
/usr/bin/make -f CMakeFiles/cmTC_58d7d.dir/build.make CMakeFiles/cmTC_58d7d.dir/build
make[1]: Entering directory '/home/airbud/catkin_ws/build/navfn/CMakeFiles/CMakeTmp'
Building CXX object CMakeFiles/cmTC_58d7d.dir/CheckIncludeFile.cxx.o
/usr/bin/c++     -o CMakeFiles/cmTC_58d7d.dir/CheckIncludeFile.cxx.o -c /home/airbud/catkin_ws/build/navfn/CMakeFiles/CMakeTmp/CheckIncludeFile.cxx
/home/airbud/catkin_ws/build/navfn/CMakeFiles/CMakeTmp/CheckIncludeFile.cxx:1:10: fatal error: pgm.h: No such file or directory
 #include <pgm.h>
          ^~~~~~~
compilation terminated.
CMakeFiles/cmTC_58d7d.dir/build.make:65: recipe for target 'CMakeFiles/cmTC_58d7d.dir/CheckIncludeFile.cxx.o' failed
make[1]: *** [CMakeFiles/cmTC_58d7d.dir/CheckIncludeFile.cxx.o] Error 1
make[1]: Leaving directory '/home/airbud/catkin_ws/build/navfn/CMakeFiles/CMakeTmp'
Makefile:126: recipe for target 'cmTC_58d7d/fast' failed
make: *** [cmTC_58d7d/fast] Error 2


