Determining if the pthread_create exist failed with the following output:
Change Dir: /home/airbud/catkin_ws/build/global_planner/CMakeFiles/CMakeTmp

Run Build Command:"/usr/bin/make" "cmTC_62c3f/fast"
/usr/bin/make -f CMakeFiles/cmTC_62c3f.dir/build.make CMakeFiles/cmTC_62c3f.dir/build
make[1]: Entering directory '/home/airbud/catkin_ws/build/global_planner/CMakeFiles/CMakeTmp'
Building C object CMakeFiles/cmTC_62c3f.dir/CheckSymbolExists.c.o
/usr/bin/cc    -o CMakeFiles/cmTC_62c3f.dir/CheckSymbolExists.c.o   -c /home/airbud/catkin_ws/build/global_planner/CMakeFiles/CMakeTmp/CheckSymbolExists.c
Linking C executable cmTC_62c3f
/usr/bin/cmake -E cmake_link_script CMakeFiles/cmTC_62c3f.dir/link.txt --verbose=1
/usr/bin/cc      -rdynamic CMakeFiles/cmTC_62c3f.dir/CheckSymbolExists.c.o  -o cmTC_62c3f 
CMakeFiles/cmTC_62c3f.dir/CheckSymbolExists.c.o: In function `main':
CheckSymbolExists.c:(.text+0x14): undefined reference to `pthread_create'
CheckSymbolExists.c:(.text+0x18): undefined reference to `pthread_create'
collect2: error: ld returned 1 exit status
CMakeFiles/cmTC_62c3f.dir/build.make:97: recipe for target 'cmTC_62c3f' failed
make[1]: *** [cmTC_62c3f] Error 1
make[1]: Leaving directory '/home/airbud/catkin_ws/build/global_planner/CMakeFiles/CMakeTmp'
Makefile:126: recipe for target 'cmTC_62c3f/fast' failed
make: *** [cmTC_62c3f/fast] Error 2

File /home/airbud/catkin_ws/build/global_planner/CMakeFiles/CMakeTmp/CheckSymbolExists.c:
/* */
#include <pthread.h>

int main(int argc, char** argv)
{
  (void)argv;
#ifndef pthread_create
  return ((int*)(&pthread_create))[argc];
#else
  (void)argc;
  return 0;
#endif
}

Determining if the function pthread_create exists in the pthreads failed with the following output:
Change Dir: /home/airbud/catkin_ws/build/global_planner/CMakeFiles/CMakeTmp

Run Build Command:"/usr/bin/make" "cmTC_028af/fast"
/usr/bin/make -f CMakeFiles/cmTC_028af.dir/build.make CMakeFiles/cmTC_028af.dir/build
make[1]: Entering directory '/home/airbud/catkin_ws/build/global_planner/CMakeFiles/CMakeTmp'
Building C object CMakeFiles/cmTC_028af.dir/CheckFunctionExists.c.o
/usr/bin/cc   -DCHECK_FUNCTION_EXISTS=pthread_create   -o CMakeFiles/cmTC_028af.dir/CheckFunctionExists.c.o   -c /usr/share/cmake-3.10/Modules/CheckFunctionExists.c
Linking C executable cmTC_028af
/usr/bin/cmake -E cmake_link_script CMakeFiles/cmTC_028af.dir/link.txt --verbose=1
/usr/bin/cc  -DCHECK_FUNCTION_EXISTS=pthread_create    -rdynamic CMakeFiles/cmTC_028af.dir/CheckFunctionExists.c.o  -o cmTC_028af -lpthreads 
/usr/bin/ld: cannot find -lpthreads
collect2: error: ld returned 1 exit status
CMakeFiles/cmTC_028af.dir/build.make:97: recipe for target 'cmTC_028af' failed
make[1]: *** [cmTC_028af] Error 1
make[1]: Leaving directory '/home/airbud/catkin_ws/build/global_planner/CMakeFiles/CMakeTmp'
Makefile:126: recipe for target 'cmTC_028af/fast' failed
make: *** [cmTC_028af/fast] Error 2


