Determining if the pthread_create exist failed with the following output:
Change Dir: /home/airbud/catkin_ws/build/move_slow_and_clear/CMakeFiles/CMakeTmp

Run Build Command:"/usr/bin/make" "cmTC_440bd/fast"
/usr/bin/make -f CMakeFiles/cmTC_440bd.dir/build.make CMakeFiles/cmTC_440bd.dir/build
make[1]: Entering directory '/home/airbud/catkin_ws/build/move_slow_and_clear/CMakeFiles/CMakeTmp'
Building C object CMakeFiles/cmTC_440bd.dir/CheckSymbolExists.c.o
/usr/bin/cc    -o CMakeFiles/cmTC_440bd.dir/CheckSymbolExists.c.o   -c /home/airbud/catkin_ws/build/move_slow_and_clear/CMakeFiles/CMakeTmp/CheckSymbolExists.c
Linking C executable cmTC_440bd
/usr/bin/cmake -E cmake_link_script CMakeFiles/cmTC_440bd.dir/link.txt --verbose=1
/usr/bin/cc      -rdynamic CMakeFiles/cmTC_440bd.dir/CheckSymbolExists.c.o  -o cmTC_440bd 
CMakeFiles/cmTC_440bd.dir/CheckSymbolExists.c.o: In function `main':
CheckSymbolExists.c:(.text+0x14): undefined reference to `pthread_create'
CheckSymbolExists.c:(.text+0x18): undefined reference to `pthread_create'
collect2: error: ld returned 1 exit status
CMakeFiles/cmTC_440bd.dir/build.make:97: recipe for target 'cmTC_440bd' failed
make[1]: *** [cmTC_440bd] Error 1
make[1]: Leaving directory '/home/airbud/catkin_ws/build/move_slow_and_clear/CMakeFiles/CMakeTmp'
Makefile:126: recipe for target 'cmTC_440bd/fast' failed
make: *** [cmTC_440bd/fast] Error 2

File /home/airbud/catkin_ws/build/move_slow_and_clear/CMakeFiles/CMakeTmp/CheckSymbolExists.c:
/* */
#include <pthread.h>

int main(int argc, char** argv)
{
  (void)argv;
#ifndef pthread_create
  return ((int*)(&pthread_create))[argc];
#else
  (void)argc;
  return 0;
#endif
}

Determining if the function pthread_create exists in the pthreads failed with the following output:
Change Dir: /home/airbud/catkin_ws/build/move_slow_and_clear/CMakeFiles/CMakeTmp

Run Build Command:"/usr/bin/make" "cmTC_00091/fast"
/usr/bin/make -f CMakeFiles/cmTC_00091.dir/build.make CMakeFiles/cmTC_00091.dir/build
make[1]: Entering directory '/home/airbud/catkin_ws/build/move_slow_and_clear/CMakeFiles/CMakeTmp'
Building C object CMakeFiles/cmTC_00091.dir/CheckFunctionExists.c.o
/usr/bin/cc   -DCHECK_FUNCTION_EXISTS=pthread_create   -o CMakeFiles/cmTC_00091.dir/CheckFunctionExists.c.o   -c /usr/share/cmake-3.10/Modules/CheckFunctionExists.c
Linking C executable cmTC_00091
/usr/bin/cmake -E cmake_link_script CMakeFiles/cmTC_00091.dir/link.txt --verbose=1
/usr/bin/cc  -DCHECK_FUNCTION_EXISTS=pthread_create    -rdynamic CMakeFiles/cmTC_00091.dir/CheckFunctionExists.c.o  -o cmTC_00091 -lpthreads 
/usr/bin/ld: cannot find -lpthreads
collect2: error: ld returned 1 exit status
CMakeFiles/cmTC_00091.dir/build.make:97: recipe for target 'cmTC_00091' failed
make[1]: *** [cmTC_00091] Error 1
make[1]: Leaving directory '/home/airbud/catkin_ws/build/move_slow_and_clear/CMakeFiles/CMakeTmp'
Makefile:126: recipe for target 'cmTC_00091/fast' failed
make: *** [cmTC_00091/fast] Error 2


