[ 18%] Built target gtest
[ 18%] Built target tf2_msgs_generate_messages_nodejs
[ 18%] Built target tf2_msgs_generate_messages_py
[ 18%] Built target tf2_msgs_generate_messages_lisp
[ 18%] Built target tf2_msgs_generate_messages_eus
[ 18%] Built target rosgraph_msgs_generate_messages_nodejs
[ 18%] Built target rosgraph_msgs_generate_messages_py
[ 18%] Built target std_msgs_generate_messages_eus
[ 18%] Built target rosgraph_msgs_generate_messages_lisp
[ 18%] Built target rosgraph_msgs_generate_messages_eus
[ 18%] Built target actionlib_msgs_generate_messages_cpp
[ 18%] Built target rosgraph_msgs_generate_messages_cpp
[ 18%] Built target roscpp_generate_messages_py
[ 18%] Built target std_msgs_generate_messages_py
[ 18%] Built target nav_msgs_generate_messages_py
[ 18%] Built target geometry_msgs_generate_messages_eus
[ 18%] Built target roscpp_generate_messages_nodejs
[ 18%] Built target roscpp_generate_messages_eus
[ 18%] Built target roscpp_generate_messages_lisp
[ 18%] Built target nav_msgs_generate_messages_lisp
[ 18%] Built target roscpp_generate_messages_cpp
[ 18%] Built target actionlib_msgs_generate_messages_nodejs
[ 18%] Built target std_msgs_generate_messages_cpp
[ 18%] Built target nav_msgs_generate_messages_nodejs
[ 18%] Built target geometry_msgs_generate_messages_nodejs
[ 18%] Built target std_msgs_generate_messages_lisp
[ 18%] Built target std_msgs_generate_messages_nodejs
[ 18%] Built target nav_msgs_generate_messages_cpp
[ 18%] Built target nav_msgs_generate_messages_eus
[ 18%] Built target geometry_msgs_generate_messages_cpp
[ 18%] Built target geometry_msgs_generate_messages_lisp
[ 18%] Built target geometry_msgs_generate_messages_py
[ 18%] Built target actionlib_msgs_generate_messages_eus
[ 18%] Built target actionlib_msgs_generate_messages_lisp
[ 18%] Built target actionlib_msgs_generate_messages_py
[ 18%] Built target tf2_msgs_generate_messages_cpp
[35m[1mScanning dependencies of target rtest[0m
[35m[1mScanning dependencies of target map_server-map_saver[0m
[ 27%] [32mBuilding CXX object CMakeFiles/map_server-map_saver.dir/src/map_saver.cpp.o[0m
[ 36%] [32mBuilding CXX object CMakeFiles/rtest.dir/test/rtest.cpp.o[0m
[ 45%] [32mBuilding CXX object CMakeFiles/rtest.dir/test/test_constants.cpp.o[0m
[35m[1mScanning dependencies of target map_server_image_loader[0m
[ 54%] [32mBuilding CXX object CMakeFiles/map_server_image_loader.dir/src/image_loader.cpp.o[0m
[ 63%] [32m[1mLinking CXX executable /home/airbud/catkin_ws/devel/.private/map_server/lib/map_server/map_saver[0m
[ 63%] Built target map_server-map_saver
[ 72%] [32m[1mLinking CXX shared library /home/airbud/catkin_ws/devel/.private/map_server/lib/libmap_server_image_loader.so[0m
[ 81%] [32m[1mLinking CXX executable /home/airbud/catkin_ws/devel/.private/map_server/lib/map_server/rtest[0m
[ 81%] Built target map_server_image_loader
[35m[1mScanning dependencies of target map_server[0m
[ 90%] [32mBuilding CXX object CMakeFiles/map_server.dir/src/main.cpp.o[0m
[ 90%] Built target rtest
[100%] [32m[1mLinking CXX executable /home/airbud/catkin_ws/devel/.private/map_server/lib/map_server/map_server[0m
[100%] Built target map_server
