Determining if the pthread_create exist failed with the following output:
Change Dir: /home/airbud/catkin_ws/build/drone_controller/CMakeFiles/CMakeTmp

Run Build Command:"/usr/bin/make" "cmTC_38c67/fast"
/usr/bin/make -f CMakeFiles/cmTC_38c67.dir/build.make CMakeFiles/cmTC_38c67.dir/build
make[1]: Entering directory '/home/airbud/catkin_ws/build/drone_controller/CMakeFiles/CMakeTmp'
Building C object CMakeFiles/cmTC_38c67.dir/CheckSymbolExists.c.o
/usr/bin/cc    -o CMakeFiles/cmTC_38c67.dir/CheckSymbolExists.c.o   -c /home/airbud/catkin_ws/build/drone_controller/CMakeFiles/CMakeTmp/CheckSymbolExists.c
Linking C executable cmTC_38c67
/usr/bin/cmake -E cmake_link_script CMakeFiles/cmTC_38c67.dir/link.txt --verbose=1
/usr/bin/cc      -rdynamic CMakeFiles/cmTC_38c67.dir/CheckSymbolExists.c.o  -o cmTC_38c67 
CMakeFiles/cmTC_38c67.dir/CheckSymbolExists.c.o: In function `main':
CheckSymbolExists.c:(.text+0x14): undefined reference to `pthread_create'
CheckSymbolExists.c:(.text+0x18): undefined reference to `pthread_create'
collect2: error: ld returned 1 exit status
CMakeFiles/cmTC_38c67.dir/build.make:97: recipe for target 'cmTC_38c67' failed
make[1]: *** [cmTC_38c67] Error 1
make[1]: Leaving directory '/home/airbud/catkin_ws/build/drone_controller/CMakeFiles/CMakeTmp'
Makefile:126: recipe for target 'cmTC_38c67/fast' failed
make: *** [cmTC_38c67/fast] Error 2

File /home/airbud/catkin_ws/build/drone_controller/CMakeFiles/CMakeTmp/CheckSymbolExists.c:
/* */
#include <pthread.h>

int main(int argc, char** argv)
{
  (void)argv;
#ifndef pthread_create
  return ((int*)(&pthread_create))[argc];
#else
  (void)argc;
  return 0;
#endif
}

Determining if the function pthread_create exists in the pthreads failed with the following output:
Change Dir: /home/airbud/catkin_ws/build/drone_controller/CMakeFiles/CMakeTmp

Run Build Command:"/usr/bin/make" "cmTC_195be/fast"
/usr/bin/make -f CMakeFiles/cmTC_195be.dir/build.make CMakeFiles/cmTC_195be.dir/build
make[1]: Entering directory '/home/airbud/catkin_ws/build/drone_controller/CMakeFiles/CMakeTmp'
Building C object CMakeFiles/cmTC_195be.dir/CheckFunctionExists.c.o
/usr/bin/cc   -DCHECK_FUNCTION_EXISTS=pthread_create   -o CMakeFiles/cmTC_195be.dir/CheckFunctionExists.c.o   -c /usr/share/cmake-3.10/Modules/CheckFunctionExists.c
Linking C executable cmTC_195be
/usr/bin/cmake -E cmake_link_script CMakeFiles/cmTC_195be.dir/link.txt --verbose=1
/usr/bin/cc  -DCHECK_FUNCTION_EXISTS=pthread_create    -rdynamic CMakeFiles/cmTC_195be.dir/CheckFunctionExists.c.o  -o cmTC_195be -lpthreads 
/usr/bin/ld: cannot find -lpthreads
collect2: error: ld returned 1 exit status
CMakeFiles/cmTC_195be.dir/build.make:97: recipe for target 'cmTC_195be' failed
make[1]: *** [cmTC_195be] Error 1
make[1]: Leaving directory '/home/airbud/catkin_ws/build/drone_controller/CMakeFiles/CMakeTmp'
Makefile:126: recipe for target 'cmTC_195be/fast' failed
make: *** [cmTC_195be/fast] Error 2


