[  8%] Built target pango_core
[  9%] Built target tinyobj
[ 11%] Built target pango_vars
[ 12%] Built target pango_python
[ 21%] Built target pango_image
[ 24%] Built target pango_packetstream
[ 27%] Built target pango_geometry
[ 47%] Built target pango_video
[ 54%] Built target pango_opengl
[ 55%] Built target pango_glgeometry
[ 61%] Built target pango_windowing
[ 62%] Built target pango_scene
[ 69%] Built target pango_display
[ 72%] Built target pango_plot
[ 73%] Built target pango_tools
[ 75%] Built target tutorial_5_gl_intro_view_transforms
[ 76%] Built target tutorial_4_gl_intro_viewport
[ 77%] Built target tutorial_1_gl_intro_pango_triangle
[ 78%] Built target tutorial_1_gl_intro_classic_triangle
[ 80%] Built target tutorial_2_gl_intro_classic_triangle_vbo
[ 81%] Built target tutorial_3_gl_intro_pango_triangle_vbo_shader
[ 82%] Built target tutorial_2_gl_intro_pango_triangle_vbo
[ 83%] Built target HelloPangolin
[ 84%] Built target tutorial_3_gl_intro_classic_triangle_vbo_shader
[ 85%] Built target SimpleDisplay
[ 86%] Built target SimpleMultiDisplay
[ 88%] Built target SimpleDisplayImage
[ 89%] Built target SimplePlot
[ 92%] Built target SimpleRecord
[ 92%] Built target SimpleVideo
[ 93%] Built target HelloPangolinOffscreen
[ 94%] Built target SimpleScene
[ 96%] Built target VideoConvert
[ 96%] Built target VideoViewer
[ 97%] Built target VideoJsonPrint
[ 98%] Built target VideoJsonTransform
[ 99%] Built target Plotter
[100%] Built target ModelViewer
