[  8%] Built target pango_core
[  9%] Built target tinyobj
[ 10%] Built target pango_python
[ 19%] Built target pango_image
[ 21%] Built target pango_vars
[ 24%] Built target pango_packetstream
[ 27%] Built target pango_geometry
[ 34%] Built target pango_opengl
[ 35%] Built target pango_glgeometry
[ 55%] Built target pango_video
[ 61%] Built target pango_windowing
[ 62%] Built target pango_scene
[ 69%] Built target pango_display
[ 72%] Built target pango_plot
[ 73%] Built target pango_tools
[ 75%] Built target tutorial_5_gl_intro_view_transforms
[ 76%] Built target tutorial_4_gl_intro_viewport
[ 77%] Built target tutorial_1_gl_intro_pango_triangle
[ 78%] Built target tutorial_1_gl_intro_classic_triangle
[ 80%] Built target tutorial_2_gl_intro_classic_triangle_vbo
[ 81%] Built target tutorial_2_gl_intro_pango_triangle_vbo
[ 82%] Built target tutorial_3_gl_intro_pango_triangle_vbo_shader
[ 83%] Built target tutorial_3_gl_intro_classic_triangle_vbo_shader
[ 84%] Built target HelloPangolin
[ 85%] Built target SimpleDisplay
[ 86%] Built target SimpleMultiDisplay
[ 88%] Built target SimpleDisplayImage
[ 89%] Built target SimplePlot
[ 91%] Built target SimpleVideo
[ 92%] Built target SimpleRecord
[ 93%] Built target SimpleScene
[ 94%] Built target HelloPangolinOffscreen
[ 95%] Built target VideoViewer
[ 96%] Built target VideoConvert
[ 97%] Built target VideoJsonPrint
[ 98%] Built target VideoJsonTransform
[ 99%] Built target Plotter
[100%] Built target ModelViewer
