[35m[1mScanning dependencies of target _diffbot_msgs_generate_messages_check_deps_EncodersStamped[0m
[35m[1mScanning dependencies of target _diffbot_msgs_generate_messages_check_deps_PIDStamped[0m
[  0%] Built target _diffbot_msgs_generate_messages_check_deps_EncodersStamped
[  0%] Built target _diffbot_msgs_generate_messages_check_deps_PIDStamped
[35m[1mScanning dependencies of target _diffbot_msgs_generate_messages_check_deps_AngularVelocities[0m
[35m[1mScanning dependencies of target _diffbot_msgs_generate_messages_check_deps_WheelsCmd[0m
[  0%] Built target _diffbot_msgs_generate_messages_check_deps_AngularVelocities
[  0%] Built target _diffbot_msgs_generate_messages_check_deps_WheelsCmd
[35m[1mScanning dependencies of target _diffbot_msgs_generate_messages_check_deps_WheelsCmdStamped[0m
[35m[1mScanning dependencies of target std_msgs_generate_messages_nodejs[0m
[  0%] Built target std_msgs_generate_messages_nodejs
[35m[1mScanning dependencies of target _diffbot_msgs_generate_messages_check_deps_AngularVelocitiesStamped[0m
[  0%] Built target _diffbot_msgs_generate_messages_check_deps_WheelsCmdStamped
[35m[1mScanning dependencies of target _diffbot_msgs_generate_messages_check_deps_Encoders[0m
[  0%] Built target _diffbot_msgs_generate_messages_check_deps_AngularVelocitiesStamped
[35m[1mScanning dependencies of target _diffbot_msgs_generate_messages_check_deps_PID[0m
[  0%] Built target _diffbot_msgs_generate_messages_check_deps_Encoders
[35m[1mScanning dependencies of target std_msgs_generate_messages_lisp[0m
[  0%] Built target std_msgs_generate_messages_lisp
[  0%] Built target _diffbot_msgs_generate_messages_check_deps_PID
[35m[1mScanning dependencies of target std_msgs_generate_messages_cpp[0m
[35m[1mScanning dependencies of target std_msgs_generate_messages_eus[0m
[  0%] Built target std_msgs_generate_messages_cpp
[  0%] Built target std_msgs_generate_messages_eus
[35m[1mScanning dependencies of target std_msgs_generate_messages_py[0m
[35m[1mScanning dependencies of target diffbot_msgs_generate_messages_nodejs[0m
[  0%] Built target std_msgs_generate_messages_py
[  2%] [34m[1mGenerating Javascript code from diffbot_msgs/WheelsCmd.msg[0m
[  4%] [34m[1mGenerating Javascript code from diffbot_msgs/WheelsCmdStamped.msg[0m
[  7%] [34m[1mGenerating Javascript code from diffbot_msgs/AngularVelocitiesStamped.msg[0m
[35m[1mScanning dependencies of target diffbot_msgs_generate_messages_lisp[0m
[  9%] [34m[1mGenerating Javascript code from diffbot_msgs/AngularVelocities.msg[0m
[ 11%] [34m[1mGenerating Lisp code from diffbot_msgs/WheelsCmdStamped.msg[0m
[ 14%] [34m[1mGenerating Lisp code from diffbot_msgs/WheelsCmd.msg[0m
[ 16%] [34m[1mGenerating Javascript code from diffbot_msgs/PIDStamped.msg[0m
[ 19%] [34m[1mGenerating Lisp code from diffbot_msgs/AngularVelocitiesStamped.msg[0m
[ 21%] [34m[1mGenerating Lisp code from diffbot_msgs/AngularVelocities.msg[0m
[ 23%] [34m[1mGenerating Javascript code from diffbot_msgs/PID.msg[0m
[ 26%] [34m[1mGenerating Lisp code from diffbot_msgs/PIDStamped.msg[0m
[ 28%] [34m[1mGenerating Lisp code from diffbot_msgs/PID.msg[0m
[ 30%] [34m[1mGenerating Javascript code from diffbot_msgs/EncodersStamped.msg[0m
[ 33%] [34m[1mGenerating Lisp code from diffbot_msgs/EncodersStamped.msg[0m
[ 35%] [34m[1mGenerating Lisp code from diffbot_msgs/Encoders.msg[0m
[ 38%] [34m[1mGenerating Javascript code from diffbot_msgs/Encoders.msg[0m
[35m[1mScanning dependencies of target diffbot_msgs_generate_messages_cpp[0m
[ 40%] [34m[1mGenerating C++ code from diffbot_msgs/WheelsCmdStamped.msg[0m
[ 40%] Built target diffbot_msgs_generate_messages_lisp
[35m[1mScanning dependencies of target diffbot_msgs_generate_messages_eus[0m
[ 40%] Built target diffbot_msgs_generate_messages_nodejs
[35m[1mScanning dependencies of target diffbot_msgs_generate_messages_py[0m
[ 42%] [34m[1mGenerating EusLisp code from diffbot_msgs/WheelsCmdStamped.msg[0m
[ 45%] [34m[1mGenerating Python from MSG diffbot_msgs/WheelsCmdStamped[0m
[ 47%] [34m[1mGenerating EusLisp code from diffbot_msgs/WheelsCmd.msg[0m
[ 50%] [34m[1mGenerating EusLisp code from diffbot_msgs/AngularVelocitiesStamped.msg[0m
[ 52%] [34m[1mGenerating C++ code from diffbot_msgs/WheelsCmd.msg[0m
[ 54%] [34m[1mGenerating Python from MSG diffbot_msgs/WheelsCmd[0m
[ 57%] [34m[1mGenerating EusLisp code from diffbot_msgs/AngularVelocities.msg[0m
[ 59%] [34m[1mGenerating EusLisp code from diffbot_msgs/PIDStamped.msg[0m
[ 61%] [34m[1mGenerating Python from MSG diffbot_msgs/AngularVelocitiesStamped[0m
[ 64%] [34m[1mGenerating C++ code from diffbot_msgs/AngularVelocitiesStamped.msg[0m
[ 66%] [34m[1mGenerating EusLisp code from diffbot_msgs/PID.msg[0m
[ 69%] [34m[1mGenerating EusLisp code from diffbot_msgs/EncodersStamped.msg[0m
[ 71%] [34m[1mGenerating Python from MSG diffbot_msgs/AngularVelocities[0m
[ 73%] [34m[1mGenerating EusLisp code from diffbot_msgs/Encoders.msg[0m
[ 76%] [34m[1mGenerating C++ code from diffbot_msgs/AngularVelocities.msg[0m
[ 78%] [34m[1mGenerating EusLisp manifest code for diffbot_msgs[0m
[ 80%] [34m[1mGenerating Python from MSG diffbot_msgs/PIDStamped[0m
WARNING: Package name "Camera_Data" does not follow the naming conventions. It should start with a lower case letter and only contain lower case letters, digits, underscores, and dashes.
[ 83%] [34m[1mGenerating C++ code from diffbot_msgs/PIDStamped.msg[0m
WARNING: Package name "seniorDesign" does not follow the naming conventions. It should start with a lower case letter and only contain lower case letters, digits, underscores, and dashes.
[ 85%] [34m[1mGenerating Python from MSG diffbot_msgs/PID[0m
[ 88%] [34m[1mGenerating C++ code from diffbot_msgs/PID.msg[0m
[ 90%] [34m[1mGenerating Python from MSG diffbot_msgs/EncodersStamped[0m
[ 92%] [34m[1mGenerating Python from MSG diffbot_msgs/Encoders[0m
WARNING: Package name "Camera_Data" does not follow the naming conventions. It should start with a lower case letter and only contain lower case letters, digits, underscores, and dashes.
[ 95%] [34m[1mGenerating C++ code from diffbot_msgs/EncodersStamped.msg[0m
WARNING: Package name "seniorDesign" does not follow the naming conventions. It should start with a lower case letter and only contain lower case letters, digits, underscores, and dashes.
[ 97%] [34m[1mGenerating Python msg __init__.py for diffbot_msgs[0m
[100%] [34m[1mGenerating C++ code from diffbot_msgs/Encoders.msg[0m
[100%] Built target diffbot_msgs_generate_messages_py
[100%] Built target diffbot_msgs_generate_messages_eus
[100%] Built target diffbot_msgs_generate_messages_cpp
[35m[1mScanning dependencies of target diffbot_msgs_generate_messages[0m
[100%] Built target diffbot_msgs_generate_messages
