Linked: (/home/airbud/catkin_ws/devel/.private/diffbot_msgs/include/diffbot_msgs/PID.h, /home/airbud/catkin_ws/devel/include/diffbot_msgs/PID.h)
Linked: (/home/airbud/catkin_ws/devel/.private/diffbot_msgs/include/diffbot_msgs/EncodersStamped.h, /home/airbud/catkin_ws/devel/include/diffbot_msgs/EncodersStamped.h)
Linked: (/home/airbud/catkin_ws/devel/.private/diffbot_msgs/include/diffbot_msgs/WheelsCmdStamped.h, /home/airbud/catkin_ws/devel/include/diffbot_msgs/WheelsCmdStamped.h)
Linked: (/home/airbud/catkin_ws/devel/.private/diffbot_msgs/include/diffbot_msgs/WheelsCmd.h, /home/airbud/catkin_ws/devel/include/diffbot_msgs/WheelsCmd.h)
Linked: (/home/airbud/catkin_ws/devel/.private/diffbot_msgs/include/diffbot_msgs/AngularVelocitiesStamped.h, /home/airbud/catkin_ws/devel/include/diffbot_msgs/AngularVelocitiesStamped.h)
Linked: (/home/airbud/catkin_ws/devel/.private/diffbot_msgs/include/diffbot_msgs/AngularVelocities.h, /home/airbud/catkin_ws/devel/include/diffbot_msgs/AngularVelocities.h)
Linked: (/home/airbud/catkin_ws/devel/.private/diffbot_msgs/include/diffbot_msgs/PIDStamped.h, /home/airbud/catkin_ws/devel/include/diffbot_msgs/PIDStamped.h)
Linked: (/home/airbud/catkin_ws/devel/.private/diffbot_msgs/include/diffbot_msgs/Encoders.h, /home/airbud/catkin_ws/devel/include/diffbot_msgs/Encoders.h)
Linked: (/home/airbud/catkin_ws/devel/.private/diffbot_msgs/lib/python2.7/dist-packages/diffbot_msgs/__init__.py, /home/airbud/catkin_ws/devel/lib/python2.7/dist-packages/diffbot_msgs/__init__.py)
Linked: (/home/airbud/catkin_ws/devel/.private/diffbot_msgs/lib/python2.7/dist-packages/diffbot_msgs/msg/_PIDStamped.py, /home/airbud/catkin_ws/devel/lib/python2.7/dist-packages/diffbot_msgs/msg/_PIDStamped.py)
Linked: (/home/airbud/catkin_ws/devel/.private/diffbot_msgs/lib/python2.7/dist-packages/diffbot_msgs/msg/_WheelsCmd.py, /home/airbud/catkin_ws/devel/lib/python2.7/dist-packages/diffbot_msgs/msg/_WheelsCmd.py)
Linked: (/home/airbud/catkin_ws/devel/.private/diffbot_msgs/lib/python2.7/dist-packages/diffbot_msgs/msg/__init__.py, /home/airbud/catkin_ws/devel/lib/python2.7/dist-packages/diffbot_msgs/msg/__init__.py)
Linked: (/home/airbud/catkin_ws/devel/.private/diffbot_msgs/lib/python2.7/dist-packages/diffbot_msgs/msg/_Encoders.py, /home/airbud/catkin_ws/devel/lib/python2.7/dist-packages/diffbot_msgs/msg/_Encoders.py)
Linked: (/home/airbud/catkin_ws/devel/.private/diffbot_msgs/lib/python2.7/dist-packages/diffbot_msgs/msg/_AngularVelocitiesStamped.py, /home/airbud/catkin_ws/devel/lib/python2.7/dist-packages/diffbot_msgs/msg/_AngularVelocitiesStamped.py)
Linked: (/home/airbud/catkin_ws/devel/.private/diffbot_msgs/lib/python2.7/dist-packages/diffbot_msgs/msg/_PID.py, /home/airbud/catkin_ws/devel/lib/python2.7/dist-packages/diffbot_msgs/msg/_PID.py)
Linked: (/home/airbud/catkin_ws/devel/.private/diffbot_msgs/lib/python2.7/dist-packages/diffbot_msgs/msg/_EncodersStamped.py, /home/airbud/catkin_ws/devel/lib/python2.7/dist-packages/diffbot_msgs/msg/_EncodersStamped.py)
Linked: (/home/airbud/catkin_ws/devel/.private/diffbot_msgs/lib/python2.7/dist-packages/diffbot_msgs/msg/_AngularVelocities.py, /home/airbud/catkin_ws/devel/lib/python2.7/dist-packages/diffbot_msgs/msg/_AngularVelocities.py)
Linked: (/home/airbud/catkin_ws/devel/.private/diffbot_msgs/lib/python2.7/dist-packages/diffbot_msgs/msg/_WheelsCmdStamped.py, /home/airbud/catkin_ws/devel/lib/python2.7/dist-packages/diffbot_msgs/msg/_WheelsCmdStamped.py)
Linked: (/home/airbud/catkin_ws/devel/.private/diffbot_msgs/lib/pkgconfig/diffbot_msgs.pc, /home/airbud/catkin_ws/devel/lib/pkgconfig/diffbot_msgs.pc)
Linked: (/home/airbud/catkin_ws/devel/.private/diffbot_msgs/share/roseus/ros/diffbot_msgs/manifest.l, /home/airbud/catkin_ws/devel/share/roseus/ros/diffbot_msgs/manifest.l)
Linked: (/home/airbud/catkin_ws/devel/.private/diffbot_msgs/share/roseus/ros/diffbot_msgs/msg/AngularVelocities.l, /home/airbud/catkin_ws/devel/share/roseus/ros/diffbot_msgs/msg/AngularVelocities.l)
Linked: (/home/airbud/catkin_ws/devel/.private/diffbot_msgs/share/roseus/ros/diffbot_msgs/msg/AngularVelocitiesStamped.l, /home/airbud/catkin_ws/devel/share/roseus/ros/diffbot_msgs/msg/AngularVelocitiesStamped.l)
Linked: (/home/airbud/catkin_ws/devel/.private/diffbot_msgs/share/roseus/ros/diffbot_msgs/msg/EncodersStamped.l, /home/airbud/catkin_ws/devel/share/roseus/ros/diffbot_msgs/msg/EncodersStamped.l)
Linked: (/home/airbud/catkin_ws/devel/.private/diffbot_msgs/share/roseus/ros/diffbot_msgs/msg/PID.l, /home/airbud/catkin_ws/devel/share/roseus/ros/diffbot_msgs/msg/PID.l)
Linked: (/home/airbud/catkin_ws/devel/.private/diffbot_msgs/share/roseus/ros/diffbot_msgs/msg/PIDStamped.l, /home/airbud/catkin_ws/devel/share/roseus/ros/diffbot_msgs/msg/PIDStamped.l)
Linked: (/home/airbud/catkin_ws/devel/.private/diffbot_msgs/share/roseus/ros/diffbot_msgs/msg/WheelsCmdStamped.l, /home/airbud/catkin_ws/devel/share/roseus/ros/diffbot_msgs/msg/WheelsCmdStamped.l)
Linked: (/home/airbud/catkin_ws/devel/.private/diffbot_msgs/share/roseus/ros/diffbot_msgs/msg/WheelsCmd.l, /home/airbud/catkin_ws/devel/share/roseus/ros/diffbot_msgs/msg/WheelsCmd.l)
Linked: (/home/airbud/catkin_ws/devel/.private/diffbot_msgs/share/roseus/ros/diffbot_msgs/msg/Encoders.l, /home/airbud/catkin_ws/devel/share/roseus/ros/diffbot_msgs/msg/Encoders.l)
Linked: (/home/airbud/catkin_ws/devel/.private/diffbot_msgs/share/common-lisp/ros/diffbot_msgs/msg/WheelsCmd.lisp, /home/airbud/catkin_ws/devel/share/common-lisp/ros/diffbot_msgs/msg/WheelsCmd.lisp)
Linked: (/home/airbud/catkin_ws/devel/.private/diffbot_msgs/share/common-lisp/ros/diffbot_msgs/msg/diffbot_msgs-msg.asd, /home/airbud/catkin_ws/devel/share/common-lisp/ros/diffbot_msgs/msg/diffbot_msgs-msg.asd)
Linked: (/home/airbud/catkin_ws/devel/.private/diffbot_msgs/share/common-lisp/ros/diffbot_msgs/msg/_package.lisp, /home/airbud/catkin_ws/devel/share/common-lisp/ros/diffbot_msgs/msg/_package.lisp)
Linked: (/home/airbud/catkin_ws/devel/.private/diffbot_msgs/share/common-lisp/ros/diffbot_msgs/msg/_package_WheelsCmd.lisp, /home/airbud/catkin_ws/devel/share/common-lisp/ros/diffbot_msgs/msg/_package_WheelsCmd.lisp)
Linked: (/home/airbud/catkin_ws/devel/.private/diffbot_msgs/share/common-lisp/ros/diffbot_msgs/msg/EncodersStamped.lisp, /home/airbud/catkin_ws/devel/share/common-lisp/ros/diffbot_msgs/msg/EncodersStamped.lisp)
Linked: (/home/airbud/catkin_ws/devel/.private/diffbot_msgs/share/common-lisp/ros/diffbot_msgs/msg/Encoders.lisp, /home/airbud/catkin_ws/devel/share/common-lisp/ros/diffbot_msgs/msg/Encoders.lisp)
Linked: (/home/airbud/catkin_ws/devel/.private/diffbot_msgs/share/common-lisp/ros/diffbot_msgs/msg/AngularVelocities.lisp, /home/airbud/catkin_ws/devel/share/common-lisp/ros/diffbot_msgs/msg/AngularVelocities.lisp)
Linked: (/home/airbud/catkin_ws/devel/.private/diffbot_msgs/share/common-lisp/ros/diffbot_msgs/msg/_package_PIDStamped.lisp, /home/airbud/catkin_ws/devel/share/common-lisp/ros/diffbot_msgs/msg/_package_PIDStamped.lisp)
Linked: (/home/airbud/catkin_ws/devel/.private/diffbot_msgs/share/common-lisp/ros/diffbot_msgs/msg/WheelsCmdStamped.lisp, /home/airbud/catkin_ws/devel/share/common-lisp/ros/diffbot_msgs/msg/WheelsCmdStamped.lisp)
Linked: (/home/airbud/catkin_ws/devel/.private/diffbot_msgs/share/common-lisp/ros/diffbot_msgs/msg/_package_PID.lisp, /home/airbud/catkin_ws/devel/share/common-lisp/ros/diffbot_msgs/msg/_package_PID.lisp)
Linked: (/home/airbud/catkin_ws/devel/.private/diffbot_msgs/share/common-lisp/ros/diffbot_msgs/msg/PIDStamped.lisp, /home/airbud/catkin_ws/devel/share/common-lisp/ros/diffbot_msgs/msg/PIDStamped.lisp)
Linked: (/home/airbud/catkin_ws/devel/.private/diffbot_msgs/share/common-lisp/ros/diffbot_msgs/msg/PID.lisp, /home/airbud/catkin_ws/devel/share/common-lisp/ros/diffbot_msgs/msg/PID.lisp)
Linked: (/home/airbud/catkin_ws/devel/.private/diffbot_msgs/share/common-lisp/ros/diffbot_msgs/msg/_package_EncodersStamped.lisp, /home/airbud/catkin_ws/devel/share/common-lisp/ros/diffbot_msgs/msg/_package_EncodersStamped.lisp)
Linked: (/home/airbud/catkin_ws/devel/.private/diffbot_msgs/share/common-lisp/ros/diffbot_msgs/msg/_package_WheelsCmdStamped.lisp, /home/airbud/catkin_ws/devel/share/common-lisp/ros/diffbot_msgs/msg/_package_WheelsCmdStamped.lisp)
Linked: (/home/airbud/catkin_ws/devel/.private/diffbot_msgs/share/common-lisp/ros/diffbot_msgs/msg/AngularVelocitiesStamped.lisp, /home/airbud/catkin_ws/devel/share/common-lisp/ros/diffbot_msgs/msg/AngularVelocitiesStamped.lisp)
Linked: (/home/airbud/catkin_ws/devel/.private/diffbot_msgs/share/common-lisp/ros/diffbot_msgs/msg/_package_Encoders.lisp, /home/airbud/catkin_ws/devel/share/common-lisp/ros/diffbot_msgs/msg/_package_Encoders.lisp)
Linked: (/home/airbud/catkin_ws/devel/.private/diffbot_msgs/share/common-lisp/ros/diffbot_msgs/msg/_package_AngularVelocities.lisp, /home/airbud/catkin_ws/devel/share/common-lisp/ros/diffbot_msgs/msg/_package_AngularVelocities.lisp)
Linked: (/home/airbud/catkin_ws/devel/.private/diffbot_msgs/share/common-lisp/ros/diffbot_msgs/msg/_package_AngularVelocitiesStamped.lisp, /home/airbud/catkin_ws/devel/share/common-lisp/ros/diffbot_msgs/msg/_package_AngularVelocitiesStamped.lisp)
Linked: (/home/airbud/catkin_ws/devel/.private/diffbot_msgs/share/gennodejs/ros/diffbot_msgs/_index.js, /home/airbud/catkin_ws/devel/share/gennodejs/ros/diffbot_msgs/_index.js)
Linked: (/home/airbud/catkin_ws/devel/.private/diffbot_msgs/share/gennodejs/ros/diffbot_msgs/msg/PID.js, /home/airbud/catkin_ws/devel/share/gennodejs/ros/diffbot_msgs/msg/PID.js)
Linked: (/home/airbud/catkin_ws/devel/.private/diffbot_msgs/share/gennodejs/ros/diffbot_msgs/msg/Encoders.js, /home/airbud/catkin_ws/devel/share/gennodejs/ros/diffbot_msgs/msg/Encoders.js)
Linked: (/home/airbud/catkin_ws/devel/.private/diffbot_msgs/share/gennodejs/ros/diffbot_msgs/msg/AngularVelocitiesStamped.js, /home/airbud/catkin_ws/devel/share/gennodejs/ros/diffbot_msgs/msg/AngularVelocitiesStamped.js)
Linked: (/home/airbud/catkin_ws/devel/.private/diffbot_msgs/share/gennodejs/ros/diffbot_msgs/msg/WheelsCmd.js, /home/airbud/catkin_ws/devel/share/gennodejs/ros/diffbot_msgs/msg/WheelsCmd.js)
Linked: (/home/airbud/catkin_ws/devel/.private/diffbot_msgs/share/gennodejs/ros/diffbot_msgs/msg/_index.js, /home/airbud/catkin_ws/devel/share/gennodejs/ros/diffbot_msgs/msg/_index.js)
Linked: (/home/airbud/catkin_ws/devel/.private/diffbot_msgs/share/gennodejs/ros/diffbot_msgs/msg/WheelsCmdStamped.js, /home/airbud/catkin_ws/devel/share/gennodejs/ros/diffbot_msgs/msg/WheelsCmdStamped.js)
Linked: (/home/airbud/catkin_ws/devel/.private/diffbot_msgs/share/gennodejs/ros/diffbot_msgs/msg/PIDStamped.js, /home/airbud/catkin_ws/devel/share/gennodejs/ros/diffbot_msgs/msg/PIDStamped.js)
Linked: (/home/airbud/catkin_ws/devel/.private/diffbot_msgs/share/gennodejs/ros/diffbot_msgs/msg/EncodersStamped.js, /home/airbud/catkin_ws/devel/share/gennodejs/ros/diffbot_msgs/msg/EncodersStamped.js)
Linked: (/home/airbud/catkin_ws/devel/.private/diffbot_msgs/share/gennodejs/ros/diffbot_msgs/msg/AngularVelocities.js, /home/airbud/catkin_ws/devel/share/gennodejs/ros/diffbot_msgs/msg/AngularVelocities.js)
Linked: (/home/airbud/catkin_ws/devel/.private/diffbot_msgs/share/diffbot_msgs/cmake/diffbot_msgsConfig-version.cmake, /home/airbud/catkin_ws/devel/share/diffbot_msgs/cmake/diffbot_msgsConfig-version.cmake)
Linked: (/home/airbud/catkin_ws/devel/.private/diffbot_msgs/share/diffbot_msgs/cmake/diffbot_msgs-msg-paths.cmake, /home/airbud/catkin_ws/devel/share/diffbot_msgs/cmake/diffbot_msgs-msg-paths.cmake)
Linked: (/home/airbud/catkin_ws/devel/.private/diffbot_msgs/share/diffbot_msgs/cmake/diffbot_msgsConfig.cmake, /home/airbud/catkin_ws/devel/share/diffbot_msgs/cmake/diffbot_msgsConfig.cmake)
Linked: (/home/airbud/catkin_ws/devel/.private/diffbot_msgs/share/diffbot_msgs/cmake/diffbot_msgs-msg-extras.cmake, /home/airbud/catkin_ws/devel/share/diffbot_msgs/cmake/diffbot_msgs-msg-extras.cmake)
