Symlinking /home/airbud/catkin_ws/devel/include/diffbot_msgs/PID.h
Symlinking /home/airbud/catkin_ws/devel/include/diffbot_msgs/EncodersStamped.h
Symlinking /home/airbud/catkin_ws/devel/include/diffbot_msgs/WheelsCmdStamped.h
Symlinking /home/airbud/catkin_ws/devel/include/diffbot_msgs/WheelsCmd.h
Symlinking /home/airbud/catkin_ws/devel/include/diffbot_msgs/AngularVelocitiesStamped.h
Symlinking /home/airbud/catkin_ws/devel/include/diffbot_msgs/AngularVelocities.h
Symlinking /home/airbud/catkin_ws/devel/include/diffbot_msgs/PIDStamped.h
Symlinking /home/airbud/catkin_ws/devel/include/diffbot_msgs/Encoders.h
Symlinking /home/airbud/catkin_ws/devel/lib/python2.7/dist-packages/diffbot_msgs/__init__.py
Symlinking /home/airbud/catkin_ws/devel/lib/python2.7/dist-packages/diffbot_msgs/msg/_PIDStamped.py
Symlinking /home/airbud/catkin_ws/devel/lib/python2.7/dist-packages/diffbot_msgs/msg/_WheelsCmd.py
Symlinking /home/airbud/catkin_ws/devel/lib/python2.7/dist-packages/diffbot_msgs/msg/__init__.py
Symlinking /home/airbud/catkin_ws/devel/lib/python2.7/dist-packages/diffbot_msgs/msg/_Encoders.py
Symlinking /home/airbud/catkin_ws/devel/lib/python2.7/dist-packages/diffbot_msgs/msg/_AngularVelocitiesStamped.py
Symlinking /home/airbud/catkin_ws/devel/lib/python2.7/dist-packages/diffbot_msgs/msg/_PID.py
Symlinking /home/airbud/catkin_ws/devel/lib/python2.7/dist-packages/diffbot_msgs/msg/_EncodersStamped.py
Symlinking /home/airbud/catkin_ws/devel/lib/python2.7/dist-packages/diffbot_msgs/msg/_AngularVelocities.py
Symlinking /home/airbud/catkin_ws/devel/lib/python2.7/dist-packages/diffbot_msgs/msg/_WheelsCmdStamped.py
Symlinking /home/airbud/catkin_ws/devel/lib/pkgconfig/diffbot_msgs.pc
Symlinking /home/airbud/catkin_ws/devel/share/roseus/ros/diffbot_msgs/manifest.l
Symlinking /home/airbud/catkin_ws/devel/share/roseus/ros/diffbot_msgs/msg/AngularVelocities.l
Symlinking /home/airbud/catkin_ws/devel/share/roseus/ros/diffbot_msgs/msg/AngularVelocitiesStamped.l
Symlinking /home/airbud/catkin_ws/devel/share/roseus/ros/diffbot_msgs/msg/EncodersStamped.l
Symlinking /home/airbud/catkin_ws/devel/share/roseus/ros/diffbot_msgs/msg/PID.l
Symlinking /home/airbud/catkin_ws/devel/share/roseus/ros/diffbot_msgs/msg/PIDStamped.l
Symlinking /home/airbud/catkin_ws/devel/share/roseus/ros/diffbot_msgs/msg/WheelsCmdStamped.l
Symlinking /home/airbud/catkin_ws/devel/share/roseus/ros/diffbot_msgs/msg/WheelsCmd.l
Symlinking /home/airbud/catkin_ws/devel/share/roseus/ros/diffbot_msgs/msg/Encoders.l
Symlinking /home/airbud/catkin_ws/devel/share/common-lisp/ros/diffbot_msgs/msg/WheelsCmd.lisp
Symlinking /home/airbud/catkin_ws/devel/share/common-lisp/ros/diffbot_msgs/msg/diffbot_msgs-msg.asd
Symlinking /home/airbud/catkin_ws/devel/share/common-lisp/ros/diffbot_msgs/msg/_package.lisp
Symlinking /home/airbud/catkin_ws/devel/share/common-lisp/ros/diffbot_msgs/msg/_package_WheelsCmd.lisp
Symlinking /home/airbud/catkin_ws/devel/share/common-lisp/ros/diffbot_msgs/msg/EncodersStamped.lisp
Symlinking /home/airbud/catkin_ws/devel/share/common-lisp/ros/diffbot_msgs/msg/Encoders.lisp
Symlinking /home/airbud/catkin_ws/devel/share/common-lisp/ros/diffbot_msgs/msg/AngularVelocities.lisp
Symlinking /home/airbud/catkin_ws/devel/share/common-lisp/ros/diffbot_msgs/msg/_package_PIDStamped.lisp
Symlinking /home/airbud/catkin_ws/devel/share/common-lisp/ros/diffbot_msgs/msg/WheelsCmdStamped.lisp
Symlinking /home/airbud/catkin_ws/devel/share/common-lisp/ros/diffbot_msgs/msg/_package_PID.lisp
Symlinking /home/airbud/catkin_ws/devel/share/common-lisp/ros/diffbot_msgs/msg/PIDStamped.lisp
Symlinking /home/airbud/catkin_ws/devel/share/common-lisp/ros/diffbot_msgs/msg/PID.lisp
Symlinking /home/airbud/catkin_ws/devel/share/common-lisp/ros/diffbot_msgs/msg/_package_EncodersStamped.lisp
Symlinking /home/airbud/catkin_ws/devel/share/common-lisp/ros/diffbot_msgs/msg/_package_WheelsCmdStamped.lisp
Symlinking /home/airbud/catkin_ws/devel/share/common-lisp/ros/diffbot_msgs/msg/AngularVelocitiesStamped.lisp
Symlinking /home/airbud/catkin_ws/devel/share/common-lisp/ros/diffbot_msgs/msg/_package_Encoders.lisp
Symlinking /home/airbud/catkin_ws/devel/share/common-lisp/ros/diffbot_msgs/msg/_package_AngularVelocities.lisp
Symlinking /home/airbud/catkin_ws/devel/share/common-lisp/ros/diffbot_msgs/msg/_package_AngularVelocitiesStamped.lisp
Symlinking /home/airbud/catkin_ws/devel/share/gennodejs/ros/diffbot_msgs/_index.js
Symlinking /home/airbud/catkin_ws/devel/share/gennodejs/ros/diffbot_msgs/msg/PID.js
Symlinking /home/airbud/catkin_ws/devel/share/gennodejs/ros/diffbot_msgs/msg/Encoders.js
Symlinking /home/airbud/catkin_ws/devel/share/gennodejs/ros/diffbot_msgs/msg/AngularVelocitiesStamped.js
Symlinking /home/airbud/catkin_ws/devel/share/gennodejs/ros/diffbot_msgs/msg/WheelsCmd.js
Symlinking /home/airbud/catkin_ws/devel/share/gennodejs/ros/diffbot_msgs/msg/_index.js
Symlinking /home/airbud/catkin_ws/devel/share/gennodejs/ros/diffbot_msgs/msg/WheelsCmdStamped.js
Symlinking /home/airbud/catkin_ws/devel/share/gennodejs/ros/diffbot_msgs/msg/PIDStamped.js
Symlinking /home/airbud/catkin_ws/devel/share/gennodejs/ros/diffbot_msgs/msg/EncodersStamped.js
Symlinking /home/airbud/catkin_ws/devel/share/gennodejs/ros/diffbot_msgs/msg/AngularVelocities.js
Symlinking /home/airbud/catkin_ws/devel/share/diffbot_msgs/cmake/diffbot_msgsConfig-version.cmake
Symlinking /home/airbud/catkin_ws/devel/share/diffbot_msgs/cmake/diffbot_msgs-msg-paths.cmake
Symlinking /home/airbud/catkin_ws/devel/share/diffbot_msgs/cmake/diffbot_msgsConfig.cmake
Symlinking /home/airbud/catkin_ws/devel/share/diffbot_msgs/cmake/diffbot_msgs-msg-extras.cmake
