Determining if the pthread_create exist failed with the following output:
Change Dir: /home/airbud/catkin_ws/build/hector_marker_drawing/CMakeFiles/CMakeTmp

Run Build Command:"/usr/bin/make" "cmTC_992b3/fast"
/usr/bin/make -f CMakeFiles/cmTC_992b3.dir/build.make CMakeFiles/cmTC_992b3.dir/build
make[1]: Entering directory '/home/airbud/catkin_ws/build/hector_marker_drawing/CMakeFiles/CMakeTmp'
Building C object CMakeFiles/cmTC_992b3.dir/CheckSymbolExists.c.o
/usr/bin/cc    -o CMakeFiles/cmTC_992b3.dir/CheckSymbolExists.c.o   -c /home/airbud/catkin_ws/build/hector_marker_drawing/CMakeFiles/CMakeTmp/CheckSymbolExists.c
Linking C executable cmTC_992b3
/usr/bin/cmake -E cmake_link_script CMakeFiles/cmTC_992b3.dir/link.txt --verbose=1
/usr/bin/cc      -rdynamic CMakeFiles/cmTC_992b3.dir/CheckSymbolExists.c.o  -o cmTC_992b3 
CMakeFiles/cmTC_992b3.dir/CheckSymbolExists.c.o: In function `main':
CheckSymbolExists.c:(.text+0x14): undefined reference to `pthread_create'
CheckSymbolExists.c:(.text+0x18): undefined reference to `pthread_create'
collect2: error: ld returned 1 exit status
CMakeFiles/cmTC_992b3.dir/build.make:97: recipe for target 'cmTC_992b3' failed
make[1]: *** [cmTC_992b3] Error 1
make[1]: Leaving directory '/home/airbud/catkin_ws/build/hector_marker_drawing/CMakeFiles/CMakeTmp'
Makefile:126: recipe for target 'cmTC_992b3/fast' failed
make: *** [cmTC_992b3/fast] Error 2

File /home/airbud/catkin_ws/build/hector_marker_drawing/CMakeFiles/CMakeTmp/CheckSymbolExists.c:
/* */
#include <pthread.h>

int main(int argc, char** argv)
{
  (void)argv;
#ifndef pthread_create
  return ((int*)(&pthread_create))[argc];
#else
  (void)argc;
  return 0;
#endif
}

Determining if the function pthread_create exists in the pthreads failed with the following output:
Change Dir: /home/airbud/catkin_ws/build/hector_marker_drawing/CMakeFiles/CMakeTmp

Run Build Command:"/usr/bin/make" "cmTC_1aefe/fast"
/usr/bin/make -f CMakeFiles/cmTC_1aefe.dir/build.make CMakeFiles/cmTC_1aefe.dir/build
make[1]: Entering directory '/home/airbud/catkin_ws/build/hector_marker_drawing/CMakeFiles/CMakeTmp'
Building C object CMakeFiles/cmTC_1aefe.dir/CheckFunctionExists.c.o
/usr/bin/cc   -DCHECK_FUNCTION_EXISTS=pthread_create   -o CMakeFiles/cmTC_1aefe.dir/CheckFunctionExists.c.o   -c /usr/share/cmake-3.10/Modules/CheckFunctionExists.c
Linking C executable cmTC_1aefe
/usr/bin/cmake -E cmake_link_script CMakeFiles/cmTC_1aefe.dir/link.txt --verbose=1
/usr/bin/cc  -DCHECK_FUNCTION_EXISTS=pthread_create    -rdynamic CMakeFiles/cmTC_1aefe.dir/CheckFunctionExists.c.o  -o cmTC_1aefe -lpthreads 
/usr/bin/ld: cannot find -lpthreads
collect2: error: ld returned 1 exit status
CMakeFiles/cmTC_1aefe.dir/build.make:97: recipe for target 'cmTC_1aefe' failed
make[1]: *** [cmTC_1aefe] Error 1
make[1]: Leaving directory '/home/airbud/catkin_ws/build/hector_marker_drawing/CMakeFiles/CMakeTmp'
Makefile:126: recipe for target 'cmTC_1aefe/fast' failed
make: *** [cmTC_1aefe/fast] Error 2


