Determining if the pthread_create exist failed with the following output:
Change Dir: /home/airbud/catkin_ws/build/hector_geotiff_plugins/CMakeFiles/CMakeTmp

Run Build Command:"/usr/bin/make" "cmTC_8e5b8/fast"
/usr/bin/make -f CMakeFiles/cmTC_8e5b8.dir/build.make CMakeFiles/cmTC_8e5b8.dir/build
make[1]: Entering directory '/home/airbud/catkin_ws/build/hector_geotiff_plugins/CMakeFiles/CMakeTmp'
Building C object CMakeFiles/cmTC_8e5b8.dir/CheckSymbolExists.c.o
/usr/bin/cc    -o CMakeFiles/cmTC_8e5b8.dir/CheckSymbolExists.c.o   -c /home/airbud/catkin_ws/build/hector_geotiff_plugins/CMakeFiles/CMakeTmp/CheckSymbolExists.c
Linking C executable cmTC_8e5b8
/usr/bin/cmake -E cmake_link_script CMakeFiles/cmTC_8e5b8.dir/link.txt --verbose=1
/usr/bin/cc      -rdynamic CMakeFiles/cmTC_8e5b8.dir/CheckSymbolExists.c.o  -o cmTC_8e5b8 
CMakeFiles/cmTC_8e5b8.dir/CheckSymbolExists.c.o: In function `main':
CheckSymbolExists.c:(.text+0x14): undefined reference to `pthread_create'
CheckSymbolExists.c:(.text+0x18): undefined reference to `pthread_create'
collect2: error: ld returned 1 exit status
CMakeFiles/cmTC_8e5b8.dir/build.make:97: recipe for target 'cmTC_8e5b8' failed
make[1]: *** [cmTC_8e5b8] Error 1
make[1]: Leaving directory '/home/airbud/catkin_ws/build/hector_geotiff_plugins/CMakeFiles/CMakeTmp'
Makefile:126: recipe for target 'cmTC_8e5b8/fast' failed
make: *** [cmTC_8e5b8/fast] Error 2

File /home/airbud/catkin_ws/build/hector_geotiff_plugins/CMakeFiles/CMakeTmp/CheckSymbolExists.c:
/* */
#include <pthread.h>

int main(int argc, char** argv)
{
  (void)argv;
#ifndef pthread_create
  return ((int*)(&pthread_create))[argc];
#else
  (void)argc;
  return 0;
#endif
}

Determining if the function pthread_create exists in the pthreads failed with the following output:
Change Dir: /home/airbud/catkin_ws/build/hector_geotiff_plugins/CMakeFiles/CMakeTmp

Run Build Command:"/usr/bin/make" "cmTC_9a9c1/fast"
/usr/bin/make -f CMakeFiles/cmTC_9a9c1.dir/build.make CMakeFiles/cmTC_9a9c1.dir/build
make[1]: Entering directory '/home/airbud/catkin_ws/build/hector_geotiff_plugins/CMakeFiles/CMakeTmp'
Building C object CMakeFiles/cmTC_9a9c1.dir/CheckFunctionExists.c.o
/usr/bin/cc   -DCHECK_FUNCTION_EXISTS=pthread_create   -o CMakeFiles/cmTC_9a9c1.dir/CheckFunctionExists.c.o   -c /usr/share/cmake-3.10/Modules/CheckFunctionExists.c
Linking C executable cmTC_9a9c1
/usr/bin/cmake -E cmake_link_script CMakeFiles/cmTC_9a9c1.dir/link.txt --verbose=1
/usr/bin/cc  -DCHECK_FUNCTION_EXISTS=pthread_create    -rdynamic CMakeFiles/cmTC_9a9c1.dir/CheckFunctionExists.c.o  -o cmTC_9a9c1 -lpthreads 
/usr/bin/ld: cannot find -lpthreads
collect2: error: ld returned 1 exit status
CMakeFiles/cmTC_9a9c1.dir/build.make:97: recipe for target 'cmTC_9a9c1' failed
make[1]: *** [cmTC_9a9c1] Error 1
make[1]: Leaving directory '/home/airbud/catkin_ws/build/hector_geotiff_plugins/CMakeFiles/CMakeTmp'
Makefile:126: recipe for target 'cmTC_9a9c1/fast' failed
make: *** [cmTC_9a9c1/fast] Error 2


