Determining if the pthread_create exist failed with the following output:
Change Dir: /home/airbud/catkin_ws/build/publisher/CMakeFiles/CMakeTmp

Run Build Command:"/usr/bin/make" "cmTC_29421/fast"
/usr/bin/make -f CMakeFiles/cmTC_29421.dir/build.make CMakeFiles/cmTC_29421.dir/build
make[1]: Entering directory '/home/airbud/catkin_ws/build/publisher/CMakeFiles/CMakeTmp'
Building C object CMakeFiles/cmTC_29421.dir/CheckSymbolExists.c.o
/usr/bin/cc   -Wall -Wextra -mtune=native    -o CMakeFiles/cmTC_29421.dir/CheckSymbolExists.c.o   -c /home/airbud/catkin_ws/build/publisher/CMakeFiles/CMakeTmp/CheckSymbolExists.c
Linking C executable cmTC_29421
/usr/bin/cmake -E cmake_link_script CMakeFiles/cmTC_29421.dir/link.txt --verbose=1
/usr/bin/cc  -Wall -Wextra -mtune=native     -rdynamic CMakeFiles/cmTC_29421.dir/CheckSymbolExists.c.o  -o cmTC_29421 
CMakeFiles/cmTC_29421.dir/CheckSymbolExists.c.o: In function `main':
CheckSymbolExists.c:(.text+0x14): undefined reference to `pthread_create'
CheckSymbolExists.c:(.text+0x18): undefined reference to `pthread_create'
collect2: error: ld returned 1 exit status
CMakeFiles/cmTC_29421.dir/build.make:97: recipe for target 'cmTC_29421' failed
make[1]: *** [cmTC_29421] Error 1
make[1]: Leaving directory '/home/airbud/catkin_ws/build/publisher/CMakeFiles/CMakeTmp'
Makefile:126: recipe for target 'cmTC_29421/fast' failed
make: *** [cmTC_29421/fast] Error 2

File /home/airbud/catkin_ws/build/publisher/CMakeFiles/CMakeTmp/CheckSymbolExists.c:
/* */
#include <pthread.h>

int main(int argc, char** argv)
{
  (void)argv;
#ifndef pthread_create
  return ((int*)(&pthread_create))[argc];
#else
  (void)argc;
  return 0;
#endif
}

Determining if the function pthread_create exists in the pthreads failed with the following output:
Change Dir: /home/airbud/catkin_ws/build/publisher/CMakeFiles/CMakeTmp

Run Build Command:"/usr/bin/make" "cmTC_77034/fast"
/usr/bin/make -f CMakeFiles/cmTC_77034.dir/build.make CMakeFiles/cmTC_77034.dir/build
make[1]: Entering directory '/home/airbud/catkin_ws/build/publisher/CMakeFiles/CMakeTmp'
Building C object CMakeFiles/cmTC_77034.dir/CheckFunctionExists.c.o
/usr/bin/cc   -Wall -Wextra -mtune=native -DCHECK_FUNCTION_EXISTS=pthread_create   -o CMakeFiles/cmTC_77034.dir/CheckFunctionExists.c.o   -c /usr/share/cmake-3.10/Modules/CheckFunctionExists.c
Linking C executable cmTC_77034
/usr/bin/cmake -E cmake_link_script CMakeFiles/cmTC_77034.dir/link.txt --verbose=1
/usr/bin/cc  -Wall -Wextra -mtune=native -DCHECK_FUNCTION_EXISTS=pthread_create    -rdynamic CMakeFiles/cmTC_77034.dir/CheckFunctionExists.c.o  -o cmTC_77034 -lpthreads 
/usr/bin/ld: cannot find -lpthreads
collect2: error: ld returned 1 exit status
CMakeFiles/cmTC_77034.dir/build.make:97: recipe for target 'cmTC_77034' failed
make[1]: *** [cmTC_77034] Error 1
make[1]: Leaving directory '/home/airbud/catkin_ws/build/publisher/CMakeFiles/CMakeTmp'
Makefile:126: recipe for target 'cmTC_77034/fast' failed
make: *** [cmTC_77034/fast] Error 2


