Determining if the pthread_create exist failed with the following output:
Change Dir: /home/airbud/catkin_ws/build/hector_geotiff/CMakeFiles/CMakeTmp

Run Build Command:"/usr/bin/make" "cmTC_6269c/fast"
/usr/bin/make -f CMakeFiles/cmTC_6269c.dir/build.make CMakeFiles/cmTC_6269c.dir/build
make[1]: Entering directory '/home/airbud/catkin_ws/build/hector_geotiff/CMakeFiles/CMakeTmp'
Building C object CMakeFiles/cmTC_6269c.dir/CheckSymbolExists.c.o
/usr/bin/cc    -o CMakeFiles/cmTC_6269c.dir/CheckSymbolExists.c.o   -c /home/airbud/catkin_ws/build/hector_geotiff/CMakeFiles/CMakeTmp/CheckSymbolExists.c
Linking C executable cmTC_6269c
/usr/bin/cmake -E cmake_link_script CMakeFiles/cmTC_6269c.dir/link.txt --verbose=1
/usr/bin/cc      -rdynamic CMakeFiles/cmTC_6269c.dir/CheckSymbolExists.c.o  -o cmTC_6269c 
CMakeFiles/cmTC_6269c.dir/CheckSymbolExists.c.o: In function `main':
CheckSymbolExists.c:(.text+0x14): undefined reference to `pthread_create'
CheckSymbolExists.c:(.text+0x18): undefined reference to `pthread_create'
collect2: error: ld returned 1 exit status
CMakeFiles/cmTC_6269c.dir/build.make:97: recipe for target 'cmTC_6269c' failed
make[1]: *** [cmTC_6269c] Error 1
make[1]: Leaving directory '/home/airbud/catkin_ws/build/hector_geotiff/CMakeFiles/CMakeTmp'
Makefile:126: recipe for target 'cmTC_6269c/fast' failed
make: *** [cmTC_6269c/fast] Error 2

File /home/airbud/catkin_ws/build/hector_geotiff/CMakeFiles/CMakeTmp/CheckSymbolExists.c:
/* */
#include <pthread.h>

int main(int argc, char** argv)
{
  (void)argv;
#ifndef pthread_create
  return ((int*)(&pthread_create))[argc];
#else
  (void)argc;
  return 0;
#endif
}

Determining if the function pthread_create exists in the pthreads failed with the following output:
Change Dir: /home/airbud/catkin_ws/build/hector_geotiff/CMakeFiles/CMakeTmp

Run Build Command:"/usr/bin/make" "cmTC_63bef/fast"
/usr/bin/make -f CMakeFiles/cmTC_63bef.dir/build.make CMakeFiles/cmTC_63bef.dir/build
make[1]: Entering directory '/home/airbud/catkin_ws/build/hector_geotiff/CMakeFiles/CMakeTmp'
Building C object CMakeFiles/cmTC_63bef.dir/CheckFunctionExists.c.o
/usr/bin/cc   -DCHECK_FUNCTION_EXISTS=pthread_create   -o CMakeFiles/cmTC_63bef.dir/CheckFunctionExists.c.o   -c /usr/share/cmake-3.10/Modules/CheckFunctionExists.c
Linking C executable cmTC_63bef
/usr/bin/cmake -E cmake_link_script CMakeFiles/cmTC_63bef.dir/link.txt --verbose=1
/usr/bin/cc  -DCHECK_FUNCTION_EXISTS=pthread_create    -rdynamic CMakeFiles/cmTC_63bef.dir/CheckFunctionExists.c.o  -o cmTC_63bef -lpthreads 
/usr/bin/ld: cannot find -lpthreads
collect2: error: ld returned 1 exit status
CMakeFiles/cmTC_63bef.dir/build.make:97: recipe for target 'cmTC_63bef' failed
make[1]: *** [cmTC_63bef] Error 1
make[1]: Leaving directory '/home/airbud/catkin_ws/build/hector_geotiff/CMakeFiles/CMakeTmp'
Makefile:126: recipe for target 'cmTC_63bef/fast' failed
make: *** [cmTC_63bef/fast] Error 2


