Determining if the pthread_create exist failed with the following output:
Change Dir: /home/airbud/catkin_ws/build/Camera_Data/CMakeFiles/CMakeTmp

Run Build Command:"/usr/bin/make" "cmTC_16540/fast"
/usr/bin/make -f CMakeFiles/cmTC_16540.dir/build.make CMakeFiles/cmTC_16540.dir/build
make[1]: Entering directory '/home/airbud/catkin_ws/build/Camera_Data/CMakeFiles/CMakeTmp'
Building C object CMakeFiles/cmTC_16540.dir/CheckSymbolExists.c.o
/usr/bin/cc    -o CMakeFiles/cmTC_16540.dir/CheckSymbolExists.c.o   -c /home/airbud/catkin_ws/build/Camera_Data/CMakeFiles/CMakeTmp/CheckSymbolExists.c
Linking C executable cmTC_16540
/usr/bin/cmake -E cmake_link_script CMakeFiles/cmTC_16540.dir/link.txt --verbose=1
/usr/bin/cc      -rdynamic CMakeFiles/cmTC_16540.dir/CheckSymbolExists.c.o  -o cmTC_16540 
CMakeFiles/cmTC_16540.dir/CheckSymbolExists.c.o: In function `main':
CheckSymbolExists.c:(.text+0x14): undefined reference to `pthread_create'
CheckSymbolExists.c:(.text+0x18): undefined reference to `pthread_create'
collect2: error: ld returned 1 exit status
CMakeFiles/cmTC_16540.dir/build.make:97: recipe for target 'cmTC_16540' failed
make[1]: *** [cmTC_16540] Error 1
make[1]: Leaving directory '/home/airbud/catkin_ws/build/Camera_Data/CMakeFiles/CMakeTmp'
Makefile:126: recipe for target 'cmTC_16540/fast' failed
make: *** [cmTC_16540/fast] Error 2

File /home/airbud/catkin_ws/build/Camera_Data/CMakeFiles/CMakeTmp/CheckSymbolExists.c:
/* */
#include <pthread.h>

int main(int argc, char** argv)
{
  (void)argv;
#ifndef pthread_create
  return ((int*)(&pthread_create))[argc];
#else
  (void)argc;
  return 0;
#endif
}

Determining if the function pthread_create exists in the pthreads failed with the following output:
Change Dir: /home/airbud/catkin_ws/build/Camera_Data/CMakeFiles/CMakeTmp

Run Build Command:"/usr/bin/make" "cmTC_8546f/fast"
/usr/bin/make -f CMakeFiles/cmTC_8546f.dir/build.make CMakeFiles/cmTC_8546f.dir/build
make[1]: Entering directory '/home/airbud/catkin_ws/build/Camera_Data/CMakeFiles/CMakeTmp'
Building C object CMakeFiles/cmTC_8546f.dir/CheckFunctionExists.c.o
/usr/bin/cc   -DCHECK_FUNCTION_EXISTS=pthread_create   -o CMakeFiles/cmTC_8546f.dir/CheckFunctionExists.c.o   -c /usr/share/cmake-3.10/Modules/CheckFunctionExists.c
Linking C executable cmTC_8546f
/usr/bin/cmake -E cmake_link_script CMakeFiles/cmTC_8546f.dir/link.txt --verbose=1
/usr/bin/cc  -DCHECK_FUNCTION_EXISTS=pthread_create    -rdynamic CMakeFiles/cmTC_8546f.dir/CheckFunctionExists.c.o  -o cmTC_8546f -lpthreads 
/usr/bin/ld: cannot find -lpthreads
collect2: error: ld returned 1 exit status
CMakeFiles/cmTC_8546f.dir/build.make:97: recipe for target 'cmTC_8546f' failed
make[1]: *** [cmTC_8546f] Error 1
make[1]: Leaving directory '/home/airbud/catkin_ws/build/Camera_Data/CMakeFiles/CMakeTmp'
Makefile:126: recipe for target 'cmTC_8546f/fast' failed
make: *** [cmTC_8546f/fast] Error 2


