[  0%] Built target geometry_msgs_generate_messages_lisp
[  0%] Built target _costmap_2d_generate_messages_check_deps_VoxelGrid
[  0%] Built target map_msgs_generate_messages_lisp
[  0%] Built target std_msgs_generate_messages_lisp
[  2%] [34m[1mGenerating dynamic reconfigure files from cfg/Costmap2D.cfg: /home/airbud/catkin_ws/devel/.private/costmap_2d/include/costmap_2d/Costmap2DConfig.h /home/airbud/catkin_ws/devel/.private/costmap_2d/lib/python2.7/dist-packages/costmap_2d/cfg/Costmap2DConfig.py[0m
[  2%] Built target geometry_msgs_generate_messages_py
[  2%] Built target std_msgs_generate_messages_py
[  2%] Built target map_msgs_generate_messages_py
[  2%] Built target map_msgs_generate_messages_nodejs
Generating reconfiguration files for Costmap2D in costmap_2d
[  2%] Built target std_msgs_generate_messages_nodejs
[  2%] Built target geometry_msgs_generate_messages_nodejs
Wrote header file in /home/airbud/catkin_ws/devel/.private/costmap_2d/include/costmap_2d/Costmap2DConfig.h
[  5%] [34m[1mGenerating dynamic reconfigure files from cfg/ObstaclePlugin.cfg: /home/airbud/catkin_ws/devel/.private/costmap_2d/include/costmap_2d/ObstaclePluginConfig.h /home/airbud/catkin_ws/devel/.private/costmap_2d/lib/python2.7/dist-packages/costmap_2d/cfg/ObstaclePluginConfig.py[0m
[  5%] Built target geometry_msgs_generate_messages_eus
[  5%] Built target rosgraph_msgs_generate_messages_lisp
[  5%] Built target rosgraph_msgs_generate_messages_eus
[  5%] Built target roscpp_generate_messages_lisp
Generating reconfiguration files for ObstaclePlugin in costmap_2d
Wrote header file in /home/airbud/catkin_ws/devel/.private/costmap_2d/include/costmap_2d/ObstaclePluginConfig.h
[  5%] Built target roscpp_generate_messages_py
[  5%] Built target tf_generate_messages_lisp
[  8%] [34m[1mGenerating dynamic reconfigure files from cfg/GenericPlugin.cfg: /home/airbud/catkin_ws/devel/.private/costmap_2d/include/costmap_2d/GenericPluginConfig.h /home/airbud/catkin_ws/devel/.private/costmap_2d/lib/python2.7/dist-packages/costmap_2d/cfg/GenericPluginConfig.py[0m
[ 11%] [34m[1mGenerating dynamic reconfigure files from cfg/InflationPlugin.cfg: /home/airbud/catkin_ws/devel/.private/costmap_2d/include/costmap_2d/InflationPluginConfig.h /home/airbud/catkin_ws/devel/.private/costmap_2d/lib/python2.7/dist-packages/costmap_2d/cfg/InflationPluginConfig.py[0m
[ 11%] Built target tf_generate_messages_nodejs
[ 11%] Built target rosgraph_msgs_generate_messages_cpp
Generating reconfiguration files for GenericPlugin in costmap_2d
Generating reconfiguration files for InflationPlugin in costmap_2d
Wrote header file in /home/airbud/catkin_ws/devel/.private/costmap_2d/include/costmap_2d/GenericPluginConfig.h
Wrote header file in /home/airbud/catkin_ws/devel/.private/costmap_2d/include/costmap_2d/InflationPluginConfig.h
[ 11%] Built target std_msgs_generate_messages_cpp
[ 14%] [34m[1mGenerating dynamic reconfigure files from cfg/VoxelPlugin.cfg: /home/airbud/catkin_ws/devel/.private/costmap_2d/include/costmap_2d/VoxelPluginConfig.h /home/airbud/catkin_ws/devel/.private/costmap_2d/lib/python2.7/dist-packages/costmap_2d/cfg/VoxelPluginConfig.py[0m
[ 14%] Built target visualization_msgs_generate_messages_nodejs
[ 14%] Built target actionlib_msgs_generate_messages_nodejs
[ 14%] Built target nav_msgs_generate_messages_nodejs
Generating reconfiguration files for VoxelPlugin in costmap_2d
Wrote header file in /home/airbud/catkin_ws/devel/.private/costmap_2d/include/costmap_2d/VoxelPluginConfig.h
[ 14%] Built target dynamic_reconfigure_generate_messages_cpp
[ 14%] Built target rosgraph_msgs_generate_messages_nodejs
[ 14%] Built target tf_generate_messages_py
[ 14%] Built target sensor_msgs_generate_messages_py
[ 14%] Built target costmap_2d_gencfg
[ 14%] Built target visualization_msgs_generate_messages_lisp
[ 14%] Built target std_msgs_generate_messages_eus
[ 14%] Built target roscpp_generate_messages_cpp
[ 14%] Built target sensor_msgs_generate_messages_nodejs
[ 14%] Built target actionlib_generate_messages_cpp
[ 14%] Built target map_msgs_generate_messages_eus
[ 14%] Built target dynamic_reconfigure_generate_messages_lisp
[ 14%] Built target dynamic_reconfigure_generate_messages_nodejs
[ 14%] Built target visualization_msgs_generate_messages_py
[ 14%] Built target dynamic_reconfigure_generate_messages_py
[ 14%] Built target roscpp_generate_messages_nodejs
[ 14%] Built target dynamic_reconfigure_generate_messages_eus
[ 14%] Built target sensor_msgs_generate_messages_cpp
[ 14%] Built target sensor_msgs_generate_messages_eus
[ 14%] Built target actionlib_generate_messages_eus
[ 14%] Built target geometry_msgs_generate_messages_cpp
[ 14%] Built target actionlib_generate_messages_lisp
[ 14%] Built target tf_generate_messages_cpp
[ 14%] Built target actionlib_generate_messages_nodejs
[ 14%] Built target tf_generate_messages_eus
[ 14%] Built target actionlib_msgs_generate_messages_cpp
[ 14%] Built target roscpp_generate_messages_eus
[ 14%] Built target rosgraph_msgs_generate_messages_py
[ 14%] Built target actionlib_msgs_generate_messages_eus
[ 14%] Built target actionlib_msgs_generate_messages_lisp
[ 14%] Built target actionlib_msgs_generate_messages_py
[ 14%] Built target tf2_msgs_generate_messages_cpp
[ 14%] Built target map_msgs_generate_messages_cpp
[ 14%] Built target actionlib_generate_messages_py
[ 14%] Built target tf2_msgs_generate_messages_py
[ 14%] Built target tf2_msgs_generate_messages_nodejs
[ 14%] Built target sensor_msgs_generate_messages_lisp
[ 14%] Built target nav_msgs_generate_messages_cpp
[ 14%] Built target nav_msgs_generate_messages_lisp
[ 14%] Built target dynamic_reconfigure_gencfg
[ 14%] Built target tf2_msgs_generate_messages_lisp
[ 14%] Built target nav_msgs_generate_messages_py
[ 14%] Built target nav_msgs_generate_messages_eus
[ 14%] Built target tf2_msgs_generate_messages_eus
[ 14%] Built target visualization_msgs_generate_messages_cpp
[ 14%] Built target visualization_msgs_generate_messages_eus
[ 17%] [34m[1mGenerating Lisp code from costmap_2d/VoxelGrid.msg[0m
[ 20%] [34m[1mGenerating C++ code from costmap_2d/VoxelGrid.msg[0m
[ 22%] [34m[1mGenerating Python from MSG costmap_2d/VoxelGrid[0m
[ 22%] Built target costmap_2d_generate_messages_lisp
[ 25%] [34m[1mGenerating Javascript code from costmap_2d/VoxelGrid.msg[0m
[ 25%] Built target costmap_2d_generate_messages_nodejs
[ 28%] [34m[1mGenerating EusLisp code from costmap_2d/VoxelGrid.msg[0m
[ 31%] [34m[1mGenerating Python msg __init__.py for costmap_2d[0m
[ 31%] Built target costmap_2d_generate_messages_cpp
[ 34%] Built target costmap_2d_generate_messages_eus
[ 34%] Built target costmap_2d_generate_messages_py
[35m[1mScanning dependencies of target costmap_2d[0m
[ 34%] Built target costmap_2d_generate_messages
[ 37%] [32mBuilding CXX object CMakeFiles/costmap_2d.dir/src/array_parser.cpp.o[0m
[ 40%] [32mBuilding CXX object CMakeFiles/costmap_2d.dir/src/costmap_2d.cpp.o[0m
[ 42%] [32mBuilding CXX object CMakeFiles/costmap_2d.dir/src/observation_buffer.cpp.o[0m
[ 45%] [32mBuilding CXX object CMakeFiles/costmap_2d.dir/src/layer.cpp.o[0m
[ 48%] [32mBuilding CXX object CMakeFiles/costmap_2d.dir/src/layered_costmap.cpp.o[0m
[ 51%] [32mBuilding CXX object CMakeFiles/costmap_2d.dir/src/costmap_2d_ros.cpp.o[0m
[ 54%] [32mBuilding CXX object CMakeFiles/costmap_2d.dir/src/costmap_2d_publisher.cpp.o[0m
[ 57%] [32mBuilding CXX object CMakeFiles/costmap_2d.dir/src/costmap_math.cpp.o[0m
[ 60%] [32mBuilding CXX object CMakeFiles/costmap_2d.dir/src/footprint.cpp.o[0m
[ 62%] [32mBuilding CXX object CMakeFiles/costmap_2d.dir/src/costmap_layer.cpp.o[0m
[ 65%] [32m[1mLinking CXX shared library /home/airbud/catkin_ws/devel/.private/costmap_2d/lib/libcostmap_2d.so[0m
[ 65%] Built target costmap_2d
[35m[1mScanning dependencies of target costmap_2d_cloud[0m
[35m[1mScanning dependencies of target costmap_2d_markers[0m
[35m[1mScanning dependencies of target costmap_2d_node[0m
[35m[1mScanning dependencies of target layers[0m
[ 68%] [32mBuilding CXX object CMakeFiles/costmap_2d_markers.dir/src/costmap_2d_markers.cpp.o[0m
[ 71%] [32mBuilding CXX object CMakeFiles/costmap_2d_cloud.dir/src/costmap_2d_cloud.cpp.o[0m
[ 74%] [32mBuilding CXX object CMakeFiles/costmap_2d_node.dir/src/costmap_2d_node.cpp.o[0m
[ 77%] [32mBuilding CXX object CMakeFiles/layers.dir/plugins/inflation_layer.cpp.o[0m
[ 80%] [32m[1mLinking CXX executable /home/airbud/catkin_ws/devel/.private/costmap_2d/lib/costmap_2d/costmap_2d_markers[0m
[ 82%] [32m[1mLinking CXX executable /home/airbud/catkin_ws/devel/.private/costmap_2d/lib/costmap_2d/costmap_2d_cloud[0m
[ 82%] Built target costmap_2d_markers
[ 85%] [32mBuilding CXX object CMakeFiles/layers.dir/plugins/obstacle_layer.cpp.o[0m
[ 85%] Built target costmap_2d_cloud
[ 88%] [32mBuilding CXX object CMakeFiles/layers.dir/plugins/static_layer.cpp.o[0m
[ 91%] [32m[1mLinking CXX executable /home/airbud/catkin_ws/devel/.private/costmap_2d/lib/costmap_2d/costmap_2d_node[0m
[ 91%] Built target costmap_2d_node
[ 94%] [32mBuilding CXX object CMakeFiles/layers.dir/plugins/voxel_layer.cpp.o[0m
[ 97%] [32mBuilding CXX object CMakeFiles/layers.dir/src/observation_buffer.cpp.o[0m
[100%] [32m[1mLinking CXX shared library /home/airbud/catkin_ws/devel/.private/costmap_2d/lib/liblayers.so[0m
[100%] Built target layers
