Determining if the pthread_create exist failed with the following output:
Change Dir: /home/airbud/catkin_ws/build/base_local_planner/CMakeFiles/CMakeTmp

Run Build Command:"/usr/bin/make" "cmTC_3b399/fast"
/usr/bin/make -f CMakeFiles/cmTC_3b399.dir/build.make CMakeFiles/cmTC_3b399.dir/build
make[1]: Entering directory '/home/airbud/catkin_ws/build/base_local_planner/CMakeFiles/CMakeTmp'
Building C object CMakeFiles/cmTC_3b399.dir/CheckSymbolExists.c.o
/usr/bin/cc    -o CMakeFiles/cmTC_3b399.dir/CheckSymbolExists.c.o   -c /home/airbud/catkin_ws/build/base_local_planner/CMakeFiles/CMakeTmp/CheckSymbolExists.c
Linking C executable cmTC_3b399
/usr/bin/cmake -E cmake_link_script CMakeFiles/cmTC_3b399.dir/link.txt --verbose=1
/usr/bin/cc      -rdynamic CMakeFiles/cmTC_3b399.dir/CheckSymbolExists.c.o  -o cmTC_3b399 
CMakeFiles/cmTC_3b399.dir/CheckSymbolExists.c.o: In function `main':
CheckSymbolExists.c:(.text+0x14): undefined reference to `pthread_create'
CheckSymbolExists.c:(.text+0x18): undefined reference to `pthread_create'
collect2: error: ld returned 1 exit status
CMakeFiles/cmTC_3b399.dir/build.make:97: recipe for target 'cmTC_3b399' failed
make[1]: *** [cmTC_3b399] Error 1
make[1]: Leaving directory '/home/airbud/catkin_ws/build/base_local_planner/CMakeFiles/CMakeTmp'
Makefile:126: recipe for target 'cmTC_3b399/fast' failed
make: *** [cmTC_3b399/fast] Error 2

File /home/airbud/catkin_ws/build/base_local_planner/CMakeFiles/CMakeTmp/CheckSymbolExists.c:
/* */
#include <pthread.h>

int main(int argc, char** argv)
{
  (void)argv;
#ifndef pthread_create
  return ((int*)(&pthread_create))[argc];
#else
  (void)argc;
  return 0;
#endif
}

Determining if the function pthread_create exists in the pthreads failed with the following output:
Change Dir: /home/airbud/catkin_ws/build/base_local_planner/CMakeFiles/CMakeTmp

Run Build Command:"/usr/bin/make" "cmTC_450c2/fast"
/usr/bin/make -f CMakeFiles/cmTC_450c2.dir/build.make CMakeFiles/cmTC_450c2.dir/build
make[1]: Entering directory '/home/airbud/catkin_ws/build/base_local_planner/CMakeFiles/CMakeTmp'
Building C object CMakeFiles/cmTC_450c2.dir/CheckFunctionExists.c.o
/usr/bin/cc   -DCHECK_FUNCTION_EXISTS=pthread_create   -o CMakeFiles/cmTC_450c2.dir/CheckFunctionExists.c.o   -c /usr/share/cmake-3.10/Modules/CheckFunctionExists.c
Linking C executable cmTC_450c2
/usr/bin/cmake -E cmake_link_script CMakeFiles/cmTC_450c2.dir/link.txt --verbose=1
/usr/bin/cc  -DCHECK_FUNCTION_EXISTS=pthread_create    -rdynamic CMakeFiles/cmTC_450c2.dir/CheckFunctionExists.c.o  -o cmTC_450c2 -lpthreads 
/usr/bin/ld: cannot find -lpthreads
collect2: error: ld returned 1 exit status
CMakeFiles/cmTC_450c2.dir/build.make:97: recipe for target 'cmTC_450c2' failed
make[1]: *** [cmTC_450c2] Error 1
make[1]: Leaving directory '/home/airbud/catkin_ws/build/base_local_planner/CMakeFiles/CMakeTmp'
Makefile:126: recipe for target 'cmTC_450c2/fast' failed
make: *** [cmTC_450c2/fast] Error 2


