Determining if the pthread_create exist failed with the following output:
Change Dir: /home/airbud/catkin_ws/build/diffbot_bringup/CMakeFiles/CMakeTmp

Run Build Command:"/usr/bin/make" "cmTC_71e5d/fast"
/usr/bin/make -f CMakeFiles/cmTC_71e5d.dir/build.make CMakeFiles/cmTC_71e5d.dir/build
make[1]: Entering directory '/home/airbud/catkin_ws/build/diffbot_bringup/CMakeFiles/CMakeTmp'
Building C object CMakeFiles/cmTC_71e5d.dir/CheckSymbolExists.c.o
/usr/bin/cc    -o CMakeFiles/cmTC_71e5d.dir/CheckSymbolExists.c.o   -c /home/airbud/catkin_ws/build/diffbot_bringup/CMakeFiles/CMakeTmp/CheckSymbolExists.c
Linking C executable cmTC_71e5d
/usr/bin/cmake -E cmake_link_script CMakeFiles/cmTC_71e5d.dir/link.txt --verbose=1
/usr/bin/cc      -rdynamic CMakeFiles/cmTC_71e5d.dir/CheckSymbolExists.c.o  -o cmTC_71e5d 
CMakeFiles/cmTC_71e5d.dir/CheckSymbolExists.c.o: In function `main':
CheckSymbolExists.c:(.text+0x14): undefined reference to `pthread_create'
CheckSymbolExists.c:(.text+0x18): undefined reference to `pthread_create'
collect2: error: ld returned 1 exit status
CMakeFiles/cmTC_71e5d.dir/build.make:97: recipe for target 'cmTC_71e5d' failed
make[1]: *** [cmTC_71e5d] Error 1
make[1]: Leaving directory '/home/airbud/catkin_ws/build/diffbot_bringup/CMakeFiles/CMakeTmp'
Makefile:126: recipe for target 'cmTC_71e5d/fast' failed
make: *** [cmTC_71e5d/fast] Error 2

File /home/airbud/catkin_ws/build/diffbot_bringup/CMakeFiles/CMakeTmp/CheckSymbolExists.c:
/* */
#include <pthread.h>

int main(int argc, char** argv)
{
  (void)argv;
#ifndef pthread_create
  return ((int*)(&pthread_create))[argc];
#else
  (void)argc;
  return 0;
#endif
}

Determining if the function pthread_create exists in the pthreads failed with the following output:
Change Dir: /home/airbud/catkin_ws/build/diffbot_bringup/CMakeFiles/CMakeTmp

Run Build Command:"/usr/bin/make" "cmTC_85b8a/fast"
/usr/bin/make -f CMakeFiles/cmTC_85b8a.dir/build.make CMakeFiles/cmTC_85b8a.dir/build
make[1]: Entering directory '/home/airbud/catkin_ws/build/diffbot_bringup/CMakeFiles/CMakeTmp'
Building C object CMakeFiles/cmTC_85b8a.dir/CheckFunctionExists.c.o
/usr/bin/cc   -DCHECK_FUNCTION_EXISTS=pthread_create   -o CMakeFiles/cmTC_85b8a.dir/CheckFunctionExists.c.o   -c /usr/share/cmake-3.10/Modules/CheckFunctionExists.c
Linking C executable cmTC_85b8a
/usr/bin/cmake -E cmake_link_script CMakeFiles/cmTC_85b8a.dir/link.txt --verbose=1
/usr/bin/cc  -DCHECK_FUNCTION_EXISTS=pthread_create    -rdynamic CMakeFiles/cmTC_85b8a.dir/CheckFunctionExists.c.o  -o cmTC_85b8a -lpthreads 
/usr/bin/ld: cannot find -lpthreads
collect2: error: ld returned 1 exit status
CMakeFiles/cmTC_85b8a.dir/build.make:97: recipe for target 'cmTC_85b8a' failed
make[1]: *** [cmTC_85b8a] Error 1
make[1]: Leaving directory '/home/airbud/catkin_ws/build/diffbot_bringup/CMakeFiles/CMakeTmp'
Makefile:126: recipe for target 'cmTC_85b8a/fast' failed
make: *** [cmTC_85b8a/fast] Error 2


