Not searching for unused variables given on the command line.
[36m--[0m Root directory of OpenVSLAM: /home/airbud/catkin_ws/src/openvslam
[36m--[0m Build type: Release
[36m--[0m Address/Memory sanitizer: DISABLED
[36m--[0m Architecture-aware optimization (-march=native): DISABLED
[36m--[0m C++11 support: OK (-std=c++17)
[36m--[0m Using CATKIN_DEVEL_PREFIX: /home/airbud/catkin_ws/devel/.private/publisher
[36m--[0m Using CMAKE_PREFIX_PATH: /home/airbud/catkin_ws/devel;/opt/ros/melodic
[36m--[0m This workspace overlays: /home/airbud/catkin_ws/devel;/opt/ros/melodic
[36m--[0m Found PythonInterp: /usr/bin/python2 (found suitable version "2.7.17", minimum required is "2")
[36m--[0m Using PYTHON_EXECUTABLE: /usr/bin/python2
[36m--[0m Using Debian Python package layout
[36m--[0m Using empy: /usr/bin/empy
[36m--[0m Using CATKIN_ENABLE_TESTING: ON
[36m--[0m Call enable_testing()
[36m--[0m Using CATKIN_TEST_RESULTS_DIR: /home/airbud/catkin_ws/build/publisher/test_results
[36m--[0m Found gtest sources under '/usr/src/googletest': gtests will be built
[36m--[0m Found gmock sources under '/usr/src/googletest': gmock will be built
[36m--[0m Found PythonInterp: /usr/bin/python2 (found version "2.7.17")
[36m--[0m Using Python nosetests: /usr/bin/nosetests-2.7
[36m--[0m catkin 0.7.29
[36m--[0m BUILD_SHARED_LIBS is on
[36m--[0m Use OpenCV 4.5.3
[36m--[0m Configuring done
[36m--[0m Generating done
[36m--[0m Build files have been written to: /home/airbud/catkin_ws/build/publisher
