[  0%] Built target std_msgs_generate_messages_cpp
[  0%] Built target _tello_driver_generate_messages_check_deps_MoveUp
[  0%] Built target nav_msgs_generate_messages_cpp
[  0%] Built target _tello_driver_generate_messages_check_deps_MoveDown
[  0%] Built target sensor_msgs_generate_messages_cpp
[  0%] Built target geometry_msgs_generate_messages_cpp
[  0%] Built target std_msgs_generate_messages_py
[  0%] Built target _tello_driver_generate_messages_check_deps_TelloStatus
[  0%] Built target nav_msgs_generate_messages_py
[  0%] Built target geometry_msgs_generate_messages_py
[  0%] Built target sensor_msgs_generate_messages_py
[  0%] Built target std_msgs_generate_messages_nodejs
[  0%] Built target sensor_msgs_generate_messages_nodejs
[  0%] Built target geometry_msgs_generate_messages_nodejs
[  0%] Built target nav_msgs_generate_messages_nodejs
[  0%] Built target nav_msgs_generate_messages_lisp
[  0%] Built target sensor_msgs_generate_messages_lisp
[  0%] Built target std_msgs_generate_messages_lisp
[  0%] Built target geometry_msgs_generate_messages_lisp
[  0%] Built target geometry_msgs_generate_messages_eus
[  0%] Built target nav_msgs_generate_messages_eus
[  0%] Built target sensor_msgs_generate_messages_eus
[  0%] Built target std_msgs_generate_messages_eus
[  5%] Built target tello_driver_gencfg
[ 21%] Built target tello_driver_generate_messages_cpp
[ 47%] Built target tello_driver_generate_messages_py
[ 63%] Built target tello_driver_generate_messages_nodejs
[ 78%] Built target tello_driver_generate_messages_lisp
[100%] Built target tello_driver_generate_messages_eus
[100%] Built target tello_driver_generate_messages
