Linked: (/home/airbud/catkin_ws/devel/.private/tello_driver/include/tello_driver/MoveUp.h, /home/airbud/catkin_ws/devel/include/tello_driver/MoveUp.h)
Linked: (/home/airbud/catkin_ws/devel/.private/tello_driver/include/tello_driver/MoveUpResponse.h, /home/airbud/catkin_ws/devel/include/tello_driver/MoveUpResponse.h)
Linked: (/home/airbud/catkin_ws/devel/.private/tello_driver/include/tello_driver/MoveDownResponse.h, /home/airbud/catkin_ws/devel/include/tello_driver/MoveDownResponse.h)
Linked: (/home/airbud/catkin_ws/devel/.private/tello_driver/include/tello_driver/MoveDown.h, /home/airbud/catkin_ws/devel/include/tello_driver/MoveDown.h)
Linked: (/home/airbud/catkin_ws/devel/.private/tello_driver/include/tello_driver/TelloConfig.h, /home/airbud/catkin_ws/devel/include/tello_driver/TelloConfig.h)
Linked: (/home/airbud/catkin_ws/devel/.private/tello_driver/include/tello_driver/TelloStatus.h, /home/airbud/catkin_ws/devel/include/tello_driver/TelloStatus.h)
Linked: (/home/airbud/catkin_ws/devel/.private/tello_driver/include/tello_driver/MoveDownRequest.h, /home/airbud/catkin_ws/devel/include/tello_driver/MoveDownRequest.h)
Linked: (/home/airbud/catkin_ws/devel/.private/tello_driver/include/tello_driver/MoveUpRequest.h, /home/airbud/catkin_ws/devel/include/tello_driver/MoveUpRequest.h)
Linked: (/home/airbud/catkin_ws/devel/.private/tello_driver/lib/python2.7/dist-packages/tello_driver/__init__.py, /home/airbud/catkin_ws/devel/lib/python2.7/dist-packages/tello_driver/__init__.py)
Linked: (/home/airbud/catkin_ws/devel/.private/tello_driver/lib/python2.7/dist-packages/tello_driver/srv/__init__.py, /home/airbud/catkin_ws/devel/lib/python2.7/dist-packages/tello_driver/srv/__init__.py)
Linked: (/home/airbud/catkin_ws/devel/.private/tello_driver/lib/python2.7/dist-packages/tello_driver/srv/_MoveUp.py, /home/airbud/catkin_ws/devel/lib/python2.7/dist-packages/tello_driver/srv/_MoveUp.py)
Linked: (/home/airbud/catkin_ws/devel/.private/tello_driver/lib/python2.7/dist-packages/tello_driver/srv/_MoveDown.py, /home/airbud/catkin_ws/devel/lib/python2.7/dist-packages/tello_driver/srv/_MoveDown.py)
Linked: (/home/airbud/catkin_ws/devel/.private/tello_driver/lib/python2.7/dist-packages/tello_driver/msg/__init__.py, /home/airbud/catkin_ws/devel/lib/python2.7/dist-packages/tello_driver/msg/__init__.py)
Linked: (/home/airbud/catkin_ws/devel/.private/tello_driver/lib/python2.7/dist-packages/tello_driver/msg/_TelloStatus.py, /home/airbud/catkin_ws/devel/lib/python2.7/dist-packages/tello_driver/msg/_TelloStatus.py)
Linked: (/home/airbud/catkin_ws/devel/.private/tello_driver/lib/python2.7/dist-packages/tello_driver/cfg/__init__.py, /home/airbud/catkin_ws/devel/lib/python2.7/dist-packages/tello_driver/cfg/__init__.py)
Linked: (/home/airbud/catkin_ws/devel/.private/tello_driver/lib/python2.7/dist-packages/tello_driver/cfg/TelloConfig.py, /home/airbud/catkin_ws/devel/lib/python2.7/dist-packages/tello_driver/cfg/TelloConfig.py)
Linked: (/home/airbud/catkin_ws/devel/.private/tello_driver/lib/python2.7/dist-packages/tellopy/__init__.py, /home/airbud/catkin_ws/devel/lib/python2.7/dist-packages/tellopy/__init__.py)
Linked: (/home/airbud/catkin_ws/devel/.private/tello_driver/lib/pkgconfig/tello_driver.pc, /home/airbud/catkin_ws/devel/lib/pkgconfig/tello_driver.pc)
Linked: (/home/airbud/catkin_ws/devel/.private/tello_driver/share/roseus/ros/tello_driver/manifest.l, /home/airbud/catkin_ws/devel/share/roseus/ros/tello_driver/manifest.l)
Linked: (/home/airbud/catkin_ws/devel/.private/tello_driver/share/roseus/ros/tello_driver/srv/MoveDown.l, /home/airbud/catkin_ws/devel/share/roseus/ros/tello_driver/srv/MoveDown.l)
Linked: (/home/airbud/catkin_ws/devel/.private/tello_driver/share/roseus/ros/tello_driver/srv/MoveUp.l, /home/airbud/catkin_ws/devel/share/roseus/ros/tello_driver/srv/MoveUp.l)
Linked: (/home/airbud/catkin_ws/devel/.private/tello_driver/share/roseus/ros/tello_driver/msg/TelloStatus.l, /home/airbud/catkin_ws/devel/share/roseus/ros/tello_driver/msg/TelloStatus.l)
Linked: (/home/airbud/catkin_ws/devel/.private/tello_driver/share/common-lisp/ros/tello_driver/srv/_package.lisp, /home/airbud/catkin_ws/devel/share/common-lisp/ros/tello_driver/srv/_package.lisp)
Linked: (/home/airbud/catkin_ws/devel/.private/tello_driver/share/common-lisp/ros/tello_driver/srv/tello_driver-srv.asd, /home/airbud/catkin_ws/devel/share/common-lisp/ros/tello_driver/srv/tello_driver-srv.asd)
Linked: (/home/airbud/catkin_ws/devel/.private/tello_driver/share/common-lisp/ros/tello_driver/srv/MoveDown.lisp, /home/airbud/catkin_ws/devel/share/common-lisp/ros/tello_driver/srv/MoveDown.lisp)
Linked: (/home/airbud/catkin_ws/devel/.private/tello_driver/share/common-lisp/ros/tello_driver/srv/MoveUp.lisp, /home/airbud/catkin_ws/devel/share/common-lisp/ros/tello_driver/srv/MoveUp.lisp)
Linked: (/home/airbud/catkin_ws/devel/.private/tello_driver/share/common-lisp/ros/tello_driver/srv/_package_MoveDown.lisp, /home/airbud/catkin_ws/devel/share/common-lisp/ros/tello_driver/srv/_package_MoveDown.lisp)
Linked: (/home/airbud/catkin_ws/devel/.private/tello_driver/share/common-lisp/ros/tello_driver/srv/_package_MoveUp.lisp, /home/airbud/catkin_ws/devel/share/common-lisp/ros/tello_driver/srv/_package_MoveUp.lisp)
Linked: (/home/airbud/catkin_ws/devel/.private/tello_driver/share/common-lisp/ros/tello_driver/msg/TelloStatus.lisp, /home/airbud/catkin_ws/devel/share/common-lisp/ros/tello_driver/msg/TelloStatus.lisp)
Linked: (/home/airbud/catkin_ws/devel/.private/tello_driver/share/common-lisp/ros/tello_driver/msg/_package.lisp, /home/airbud/catkin_ws/devel/share/common-lisp/ros/tello_driver/msg/_package.lisp)
Linked: (/home/airbud/catkin_ws/devel/.private/tello_driver/share/common-lisp/ros/tello_driver/msg/_package_TelloStatus.lisp, /home/airbud/catkin_ws/devel/share/common-lisp/ros/tello_driver/msg/_package_TelloStatus.lisp)
Linked: (/home/airbud/catkin_ws/devel/.private/tello_driver/share/common-lisp/ros/tello_driver/msg/tello_driver-msg.asd, /home/airbud/catkin_ws/devel/share/common-lisp/ros/tello_driver/msg/tello_driver-msg.asd)
Linked: (/home/airbud/catkin_ws/devel/.private/tello_driver/share/tello_driver/docs/TelloConfig.dox, /home/airbud/catkin_ws/devel/share/tello_driver/docs/TelloConfig.dox)
Linked: (/home/airbud/catkin_ws/devel/.private/tello_driver/share/tello_driver/docs/TelloConfig.wikidoc, /home/airbud/catkin_ws/devel/share/tello_driver/docs/TelloConfig.wikidoc)
Linked: (/home/airbud/catkin_ws/devel/.private/tello_driver/share/tello_driver/docs/TelloConfig-usage.dox, /home/airbud/catkin_ws/devel/share/tello_driver/docs/TelloConfig-usage.dox)
Linked: (/home/airbud/catkin_ws/devel/.private/tello_driver/share/tello_driver/cmake/tello_driver-msg-paths.cmake, /home/airbud/catkin_ws/devel/share/tello_driver/cmake/tello_driver-msg-paths.cmake)
Linked: (/home/airbud/catkin_ws/devel/.private/tello_driver/share/tello_driver/cmake/tello_driverConfig.cmake, /home/airbud/catkin_ws/devel/share/tello_driver/cmake/tello_driverConfig.cmake)
Linked: (/home/airbud/catkin_ws/devel/.private/tello_driver/share/tello_driver/cmake/tello_driverConfig-version.cmake, /home/airbud/catkin_ws/devel/share/tello_driver/cmake/tello_driverConfig-version.cmake)
Linked: (/home/airbud/catkin_ws/devel/.private/tello_driver/share/tello_driver/cmake/tello_driver-msg-extras.cmake, /home/airbud/catkin_ws/devel/share/tello_driver/cmake/tello_driver-msg-extras.cmake)
Linked: (/home/airbud/catkin_ws/devel/.private/tello_driver/share/gennodejs/ros/tello_driver/_index.js, /home/airbud/catkin_ws/devel/share/gennodejs/ros/tello_driver/_index.js)
Linked: (/home/airbud/catkin_ws/devel/.private/tello_driver/share/gennodejs/ros/tello_driver/srv/MoveDown.js, /home/airbud/catkin_ws/devel/share/gennodejs/ros/tello_driver/srv/MoveDown.js)
Linked: (/home/airbud/catkin_ws/devel/.private/tello_driver/share/gennodejs/ros/tello_driver/srv/_index.js, /home/airbud/catkin_ws/devel/share/gennodejs/ros/tello_driver/srv/_index.js)
Linked: (/home/airbud/catkin_ws/devel/.private/tello_driver/share/gennodejs/ros/tello_driver/srv/MoveUp.js, /home/airbud/catkin_ws/devel/share/gennodejs/ros/tello_driver/srv/MoveUp.js)
Linked: (/home/airbud/catkin_ws/devel/.private/tello_driver/share/gennodejs/ros/tello_driver/msg/_index.js, /home/airbud/catkin_ws/devel/share/gennodejs/ros/tello_driver/msg/_index.js)
Linked: (/home/airbud/catkin_ws/devel/.private/tello_driver/share/gennodejs/ros/tello_driver/msg/TelloStatus.js, /home/airbud/catkin_ws/devel/share/gennodejs/ros/tello_driver/msg/TelloStatus.js)
