Determining if the pthread_create exist failed with the following output:
Change Dir: /home/airbud/catkin_ws/build/image_undistort/CMakeFiles/CMakeTmp

Run Build Command:"/usr/bin/make" "cmTC_bf429/fast"
/usr/bin/make -f CMakeFiles/cmTC_bf429.dir/build.make CMakeFiles/cmTC_bf429.dir/build
make[1]: Entering directory '/home/airbud/catkin_ws/build/image_undistort/CMakeFiles/CMakeTmp'
Building C object CMakeFiles/cmTC_bf429.dir/CheckSymbolExists.c.o
/usr/bin/cc    -o CMakeFiles/cmTC_bf429.dir/CheckSymbolExists.c.o   -c /home/airbud/catkin_ws/build/image_undistort/CMakeFiles/CMakeTmp/CheckSymbolExists.c
Linking C executable cmTC_bf429
/usr/bin/cmake -E cmake_link_script CMakeFiles/cmTC_bf429.dir/link.txt --verbose=1
/usr/bin/cc      -rdynamic CMakeFiles/cmTC_bf429.dir/CheckSymbolExists.c.o  -o cmTC_bf429 
CMakeFiles/cmTC_bf429.dir/CheckSymbolExists.c.o: In function `main':
CheckSymbolExists.c:(.text+0x14): undefined reference to `pthread_create'
CheckSymbolExists.c:(.text+0x18): undefined reference to `pthread_create'
collect2: error: ld returned 1 exit status
CMakeFiles/cmTC_bf429.dir/build.make:97: recipe for target 'cmTC_bf429' failed
make[1]: *** [cmTC_bf429] Error 1
make[1]: Leaving directory '/home/airbud/catkin_ws/build/image_undistort/CMakeFiles/CMakeTmp'
Makefile:126: recipe for target 'cmTC_bf429/fast' failed
make: *** [cmTC_bf429/fast] Error 2

File /home/airbud/catkin_ws/build/image_undistort/CMakeFiles/CMakeTmp/CheckSymbolExists.c:
/* */
#include <pthread.h>

int main(int argc, char** argv)
{
  (void)argv;
#ifndef pthread_create
  return ((int*)(&pthread_create))[argc];
#else
  (void)argc;
  return 0;
#endif
}

Determining if the function pthread_create exists in the pthreads failed with the following output:
Change Dir: /home/airbud/catkin_ws/build/image_undistort/CMakeFiles/CMakeTmp

Run Build Command:"/usr/bin/make" "cmTC_76384/fast"
/usr/bin/make -f CMakeFiles/cmTC_76384.dir/build.make CMakeFiles/cmTC_76384.dir/build
make[1]: Entering directory '/home/airbud/catkin_ws/build/image_undistort/CMakeFiles/CMakeTmp'
Building C object CMakeFiles/cmTC_76384.dir/CheckFunctionExists.c.o
/usr/bin/cc   -DCHECK_FUNCTION_EXISTS=pthread_create   -o CMakeFiles/cmTC_76384.dir/CheckFunctionExists.c.o   -c /usr/share/cmake-3.10/Modules/CheckFunctionExists.c
Linking C executable cmTC_76384
/usr/bin/cmake -E cmake_link_script CMakeFiles/cmTC_76384.dir/link.txt --verbose=1
/usr/bin/cc  -DCHECK_FUNCTION_EXISTS=pthread_create    -rdynamic CMakeFiles/cmTC_76384.dir/CheckFunctionExists.c.o  -o cmTC_76384 -lpthreads 
/usr/bin/ld: cannot find -lpthreads
collect2: error: ld returned 1 exit status
CMakeFiles/cmTC_76384.dir/build.make:97: recipe for target 'cmTC_76384' failed
make[1]: *** [cmTC_76384] Error 1
make[1]: Leaving directory '/home/airbud/catkin_ws/build/image_undistort/CMakeFiles/CMakeTmp'
Makefile:126: recipe for target 'cmTC_76384/fast' failed
make: *** [cmTC_76384/fast] Error 2


